#
# There is insufficient memory for the Java Runtime Environment to continue.
# Native memory allocation (malloc) failed to allocate 748336 bytes for Chunk::new
# Possible reasons:
#   The system is out of physical RAM or swap space
#   In 32 bit mode, the process size limit was hit
# Possible solutions:
#   Reduce memory load on the system
#   Increase physical memory or swap space
#   Check if swap backing store is full
#   Use 64 bit Java on a 64 bit OS
#   Decrease Java heap size (-Xmx/-Xms)
#   Decrease number of Java threads
#   Decrease Java thread stack sizes (-Xss)
#   Set larger code cache with -XX:ReservedCodeCacheSize=
# This output file may be truncated or incomplete.
#
#  Out of Memory Error (allocation.cpp:390), pid=16848, tid=0x0000000000004c08
#
# JRE version: Java(TM) SE Runtime Environment (8.0_111-b14) (build 1.8.0_111-b14)
# Java VM: Java HotSpot(TM) 64-Bit Server VM (25.111-b14 mixed mode windows-amd64 compressed oops)
# Failed to write core dump. Minidumps are not enabled by default on client versions of Windows
#

---------------  T H R E A D  ---------------

Current thread (0x0000000015001000):  JavaThread "C2 CompilerThread0" daemon [_thread_in_native, id=19464, stack(0x0000000016670000,0x0000000016770000)]

Stack: [0x0000000016670000,0x0000000016770000]
[error occurred during error reporting (printing stack bounds), id 0xc0000005]

Native frames: (J=compiled Java code, j=interpreted, Vv=VM code, C=native code)


Current CompileTask:
C2:   5108 1468   !   4       sun.misc.URLClassPath$JarLoader::getResource (349 bytes)


---------------  P R O C E S S  ---------------

Java Threads: ( => current thread )
  0x000000001505e000 JavaThread "Service Thread" daemon [_thread_blocked, id=20212, stack(0x0000000016d70000,0x0000000016e70000)]
  0x000000001500a800 JavaThread "C1 CompilerThread2" daemon [_thread_in_native, id=9152, stack(0x0000000016870000,0x0000000016970000)]
  0x0000000015007000 JavaThread "C2 CompilerThread1" daemon [_thread_blocked, id=17756, stack(0x0000000016770000,0x0000000016870000)]
=>0x0000000015001000 JavaThread "C2 CompilerThread0" daemon [_thread_in_native, id=19464, stack(0x0000000016670000,0x0000000016770000)]
  0x0000000014fff000 JavaThread "Attach Listener" daemon [_thread_blocked, id=19976, stack(0x0000000016570000,0x0000000016670000)]
  0x0000000014ffc000 JavaThread "Signal Dispatcher" daemon [_thread_blocked, id=5252, stack(0x0000000016470000,0x0000000016570000)]
  0x0000000014fef800 JavaThread "Finalizer" daemon [_thread_blocked, id=15476, stack(0x0000000016260000,0x0000000016360000)]
  0x00000000029e3000 JavaThread "Reference Handler" daemon [_thread_blocked, id=20264, stack(0x0000000016160000,0x0000000016260000)]
  0x000000000289e000 JavaThread "main" [_thread_in_native, id=17648, stack(0x00000000026f0000,0x00000000027f0000)]

Other Threads:
  0x0000000014fc7800 VMThread [stack: 0x0000000016060000,0x0000000016160000] [id=17832]
  0x00000000169cd800 WatcherThread [stack: 0x0000000016fd0000,0x00000000170d0000] [id=20308]

VM state:not at safepoint (normal execution)

VM Mutex/Monitor currently owned by a thread: None

Heap:
 PSYoungGen      total 18944K, used 12862K [0x00000000eb180000, 0x00000000ed680000, 0x0000000100000000)
  eden space 16384K, 62% used [0x00000000eb180000,0x00000000ebb93980,0x00000000ec180000)
  from space 2560K, 99% used [0x00000000ec180000,0x00000000ec3fc010,0x00000000ec400000)
  to   space 2560K, 0% used [0x00000000ed400000,0x00000000ed400000,0x00000000ed680000)
 ParOldGen       total 44032K, used 3477K [0x00000000c1400000, 0x00000000c3f00000, 0x00000000eb180000)
  object space 44032K, 7% used [0x00000000c1400000,0x00000000c1765718,0x00000000c3f00000)
 Metaspace       used 10231K, capacity 10808K, committed 11136K, reserved 1058816K
  class space    used 1158K, capacity 1296K, committed 1408K, reserved 1048576K

Card table byte_map: [0x0000000011db0000,0x0000000011fb0000] byte_map_base: 0x00000000117a6000

Marking Bits: (ParMarkBitMap*) 0x000000005225a6c0
 Begin Bits: [0x0000000012500000, 0x00000000134b0000)
 End Bits:   [0x00000000134b0000, 0x0000000014460000)

Polling page: 0x0000000000ec0000

CodeCache: size=245760Kb used=5498Kb max_used=5498Kb free=240261Kb
 bounds [0x00000000029f0000, 0x0000000002f60000, 0x00000000119f0000]
 total_blobs=1972 nmethods=1624 adapters=260
 compilation: enabled

Compilation events (10 events):
Event: 5.048 Thread 0x0000000015007000 nmethod 1619 0x0000000002f49f90 code [0x0000000002f4a0e0, 0x0000000002f4a198]
Event: 5.048 Thread 0x0000000015007000 1620       4       java.lang.invoke.LambdaForm$DMH/312714112::invokeStatic_L3_L (18 bytes)
Event: 5.049 Thread 0x000000001500a800 nmethod 1624 0x0000000002f47910 code [0x0000000002f47be0, 0x0000000002f49068]
Event: 5.049 Thread 0x000000001500a800 1623       3       org.apache.tools.ant.types.selectors.TokenizedPattern::matchPath (13 bytes)
Event: 5.050 Thread 0x000000001500a800 nmethod 1623 0x0000000002f47510 code [0x0000000002f47680, 0x0000000002f47848]
Event: 5.050 Thread 0x000000001500a800 1625       1       java.util.Spliterators$ArraySpliterator::characteristics (5 bytes)
Event: 5.050 Thread 0x000000001500a800 nmethod 1625 0x0000000002f47250 code [0x0000000002f473a0, 0x0000000002f474b0]
Event: 5.050 Thread 0x0000000015007000 nmethod 1620 0x0000000002f46f50 code [0x0000000002f470a0, 0x0000000002f47148]
Event: 5.050 Thread 0x0000000015007000 1621       4       java.util.stream.ReferencePipeline$Head::<init> (8 bytes)
Event: 5.051 Thread 0x0000000015007000 nmethod 1621 0x0000000002f3cb90 code [0x0000000002f3ccc0, 0x0000000002f3cd58]

GC Heap History (6 events):
Event: 3.479 GC heap before
{Heap before GC invocations=1 (full 0):
 PSYoungGen      total 18944K, used 16384K [0x00000000eb180000, 0x00000000ec680000, 0x0000000100000000)
  eden space 16384K, 100% used [0x00000000eb180000,0x00000000ec180000,0x00000000ec180000)
  from space 2560K, 0% used [0x00000000ec400000,0x00000000ec400000,0x00000000ec680000)
  to   space 2560K, 0% used [0x00000000ec180000,0x00000000ec180000,0x00000000ec400000)
 ParOldGen       total 44032K, used 0K [0x00000000c1400000, 0x00000000c3f00000, 0x00000000eb180000)
  object space 44032K, 0% used [0x00000000c1400000,0x00000000c1400000,0x00000000c3f00000)
 Metaspace       used 7678K, capacity 7942K, committed 8192K, reserved 1056768K
  class space    used 856K, capacity 942K, committed 1024K, reserved 1048576K
Event: 3.517 GC heap after
Heap after GC invocations=1 (full 0):
 PSYoungGen      total 18944K, used 2540K [0x00000000eb180000, 0x00000000ec680000, 0x0000000100000000)
  eden space 16384K, 0% used [0x00000000eb180000,0x00000000eb180000,0x00000000ec180000)
  from space 2560K, 99% used [0x00000000ec180000,0x00000000ec3fb370,0x00000000ec400000)
  to   space 2560K, 0% used [0x00000000ec400000,0x00000000ec400000,0x00000000ec680000)
 ParOldGen       total 44032K, used 348K [0x00000000c1400000, 0x00000000c3f00000, 0x00000000eb180000)
  object space 44032K, 0% used [0x00000000c1400000,0x00000000c1457288,0x00000000c3f00000)
 Metaspace       used 7678K, capacity 7942K, committed 8192K, reserved 1056768K
  class space    used 856K, capacity 942K, committed 1024K, reserved 1048576K
}
Event: 4.153 GC heap before
{Heap before GC invocations=2 (full 0):
 PSYoungGen      total 18944K, used 18924K [0x00000000eb180000, 0x00000000ec680000, 0x0000000100000000)
  eden space 16384K, 100% used [0x00000000eb180000,0x00000000ec180000,0x00000000ec180000)
  from space 2560K, 99% used [0x00000000ec180000,0x00000000ec3fb370,0x00000000ec400000)
  to   space 2560K, 0% used [0x00000000ec400000,0x00000000ec400000,0x00000000ec680000)
 ParOldGen       total 44032K, used 348K [0x00000000c1400000, 0x00000000c3f00000, 0x00000000eb180000)
  object space 44032K, 0% used [0x00000000c1400000,0x00000000c1457288,0x00000000c3f00000)
 Metaspace       used 8784K, capacity 9234K, committed 9344K, reserved 1056768K
  class space    used 968K, capacity 1073K, committed 1152K, reserved 1048576K
Event: 4.167 GC heap after
Heap after GC invocations=2 (full 0):
 PSYoungGen      total 18944K, used 2549K [0x00000000eb180000, 0x00000000ed680000, 0x0000000100000000)
  eden space 16384K, 0% used [0x00000000eb180000,0x00000000eb180000,0x00000000ec180000)
  from space 2560K, 99% used [0x00000000ec400000,0x00000000ec67d440,0x00000000ec680000)
  to   space 2560K, 0% used [0x00000000ec180000,0x00000000ec180000,0x00000000ec400000)
 ParOldGen       total 44032K, used 2850K [0x00000000c1400000, 0x00000000c3f00000, 0x00000000eb180000)
  object space 44032K, 6% used [0x00000000c1400000,0x00000000c16c89f8,0x00000000c3f00000)
 Metaspace       used 8784K, capacity 9234K, committed 9344K, reserved 1056768K
  class space    used 968K, capacity 1073K, committed 1152K, reserved 1048576K
}
Event: 4.439 GC heap before
{Heap before GC invocations=3 (full 0):
 PSYoungGen      total 18944K, used 18933K [0x00000000eb180000, 0x00000000ed680000, 0x0000000100000000)
  eden space 16384K, 100% used [0x00000000eb180000,0x00000000ec180000,0x00000000ec180000)
  from space 2560K, 99% used [0x00000000ec400000,0x00000000ec67d440,0x00000000ec680000)
  to   space 2560K, 0% used [0x00000000ec180000,0x00000000ec180000,0x00000000ec400000)
 ParOldGen       total 44032K, used 2850K [0x00000000c1400000, 0x00000000c3f00000, 0x00000000eb180000)
  object space 44032K, 6% used [0x00000000c1400000,0x00000000c16c89f8,0x00000000c3f00000)
 Metaspace       used 9579K, capacity 10012K, committed 10240K, reserved 1058816K
  class space    used 1076K, capacity 1166K, committed 1280K, reserved 1048576K
Event: 4.446 GC heap after
Heap after GC invocations=3 (full 0):
 PSYoungGen      total 18944K, used 2544K [0x00000000eb180000, 0x00000000ed680000, 0x0000000100000000)
  eden space 16384K, 0% used [0x00000000eb180000,0x00000000eb180000,0x00000000ec180000)
  from space 2560K, 99% used [0x00000000ec180000,0x00000000ec3fc010,0x00000000ec400000)
  to   space 2560K, 0% used [0x00000000ed400000,0x00000000ed400000,0x00000000ed680000)
 ParOldGen       total 44032K, used 3477K [0x00000000c1400000, 0x00000000c3f00000, 0x00000000eb180000)
  object space 44032K, 7% used [0x00000000c1400000,0x00000000c1765718,0x00000000c3f00000)
 Metaspace       used 9579K, capacity 10012K, committed 10240K, reserved 1058816K
  class space    used 1076K, capacity 1166K, committed 1280K, reserved 1048576K
}

Deoptimization events (10 events):
Event: 4.556 Thread 0x000000000289e000 Uncommon trap: reason=class_check action=maybe_recompile pc=0x0000000002e7ba60 method=java.util.stream.ReferencePipeline$2$1.accept(Ljava/lang/Object;)V @ 21
Event: 4.576 Thread 0x000000000289e000 Uncommon trap: reason=bimorphic action=maybe_recompile pc=0x0000000002eb24ac method=java.util.stream.AbstractPipeline.copyInto(Ljava/util/stream/Sink;Ljava/util/Spliterator;)V @ 20
Event: 4.603 Thread 0x000000000289e000 Uncommon trap: reason=bimorphic action=maybe_recompile pc=0x0000000002eb24ac method=java.util.stream.AbstractPipeline.copyInto(Ljava/util/stream/Sink;Ljava/util/Spliterator;)V @ 20
Event: 4.678 Thread 0x000000000289e000 Uncommon trap: reason=class_check action=maybe_recompile pc=0x0000000002eb1e20 method=java.util.ArrayList$ArrayListSpliterator.tryAdvance(Ljava/util/function/Consumer;)Z @ 48
Event: 4.947 Thread 0x000000000289e000 Uncommon trap: reason=class_check action=maybe_recompile pc=0x0000000002eb1e20 method=java.util.ArrayList$ArrayListSpliterator.tryAdvance(Ljava/util/function/Consumer;)Z @ 48
Event: 5.036 Thread 0x000000000289e000 Uncommon trap: reason=class_check action=maybe_recompile pc=0x0000000002e709b4 method=java.util.stream.ReferencePipeline$2$1.accept(Ljava/lang/Object;)V @ 21
Event: 5.036 Thread 0x000000000289e000 Uncommon trap: reason=unstable_if action=reinterpret pc=0x0000000002c24624 method=java.lang.String.lastIndexOf([CII[CIII)I @ 118
Event: 5.036 Thread 0x000000000289e000 Uncommon trap: reason=class_check action=maybe_recompile pc=0x0000000002e709b4 method=java.util.stream.ReferencePipeline$2$1.accept(Ljava/lang/Object;)V @ 21
Event: 5.036 Thread 0x000000000289e000 Uncommon trap: reason=unstable_if action=reinterpret pc=0x0000000002bc2b68 method=java.lang.String.lastIndexOf([CII[CIII)I @ 118
Event: 5.036 Thread 0x000000000289e000 Uncommon trap: reason=class_check action=maybe_recompile pc=0x0000000002e709b4 method=java.util.stream.ReferencePipeline$2$1.accept(Ljava/lang/Object;)V @ 21

Internal exceptions (10 events):
Event: 1.014 Thread 0x000000000289e000 Exception <a 'java/lang/NoSuchFieldError': method resolution failed> (0x00000000eb34c6f8) thrown at [C:\re\workspace\8-2-build-windows-amd64-cygwin\jdk8u111\7883\hotspot\src\share\vm\prims\methodHandles.cpp, line 1146]
Event: 1.018 Thread 0x000000000289e000 Exception <a 'java/lang/NoSuchFieldError': method resolution failed> (0x00000000eb359ac8) thrown at [C:\re\workspace\8-2-build-windows-amd64-cygwin\jdk8u111\7883\hotspot\src\share\vm\prims\methodHandles.cpp, line 1146]
Event: 2.091 Thread 0x000000000289e000 Exception <a 'java/lang/IncompatibleClassChangeError': Found class java.lang.Object, but interface was expected> (0x00000000ebbd8148) thrown at [C:\re\workspace\8-2-build-windows-amd64-cygwin\jdk8u111\7883\hotspot\src\share\vm\interpreter\linkResolver.cpp
Event: 2.864 Thread 0x000000000289e000 Exception <a 'java/lang/NoSuchMethodError': java.lang.Object.lambda$andThen$1(Ljava/util/function/Function;Ljava/lang/Object;)Ljava/lang/Object;> (0x00000000ebf0d590) thrown at [C:\re\workspace\8-2-build-windows-amd64-cygwin\jdk8u111\7883\hotspot\src\shar
Event: 3.794 Thread 0x000000000289e000 Exception <a 'java/lang/NoSuchMethodError': java.lang.Object.lambda$identity$2(Ljava/lang/Object;)Ljava/lang/Object;> (0x00000000eb803480) thrown at [C:\re\workspace\8-2-build-windows-amd64-cygwin\jdk8u111\7883\hotspot\src\share\vm\interpreter\linkResolve
Event: 3.795 Thread 0x000000000289e000 Exception <a 'java/lang/IncompatibleClassChangeError': Found class java.lang.Object, but interface was expected> (0x00000000eb8083d0) thrown at [C:\re\workspace\8-2-build-windows-amd64-cygwin\jdk8u111\7883\hotspot\src\share\vm\interpreter\linkResolver.cpp
Event: 4.084 Thread 0x000000000289e000 Exception <a 'java/lang/ClassNotFoundException': org/apache/tools/ant/helper/DefaultExecutor> (0x00000000ebef21b8) thrown at [C:\re\workspace\8-2-build-windows-amd64-cygwin\jdk8u111\7883\hotspot\src\share\vm\classfile\systemDictionary.cpp, line 210]
Event: 4.434 Thread 0x000000000289e000 Exception <a 'sun/nio/fs/WindowsException'> (0x00000000ec155fc8) thrown at [C:\re\workspace\8-2-build-windows-amd64-cygwin\jdk8u111\7883\hotspot\src\share\vm\prims\jni.cpp, line 709]
Event: 4.947 Thread 0x000000000289e000 Exception <a 'sun/nio/fs/WindowsException'> (0x00000000eba55690) thrown at [C:\re\workspace\8-2-build-windows-amd64-cygwin\jdk8u111\7883\hotspot\src\share\vm\prims\jni.cpp, line 709]
Event: 5.033 Thread 0x000000000289e000 Exception <a 'java/lang/NoSuchMethodError': java.lang.Object.lambda$isEqual$3(Ljava/lang/Object;Ljava/lang/Object;)Z> (0x00000000ebae5708) thrown at [C:\re\workspace\8-2-build-windows-amd64-cygwin\jdk8u111\7883\hotspot\src\share\vm\interpreter\linkResolve

Events (10 events):
Event: 5.036 Thread 0x000000000289e000 DEOPT UNPACKING pc=0x0000000002a3582a sp=0x00000000027ee2e0 mode 2
Event: 5.036 Thread 0x000000000289e000 Uncommon trap: trap_request=0xffffffde fr.pc=0x0000000002e709b4
Event: 5.036 Thread 0x000000000289e000 DEOPT PACKING pc=0x0000000002e709b4 sp=0x00000000027ee610
Event: 5.036 Thread 0x000000000289e000 DEOPT UNPACKING pc=0x0000000002a3582a sp=0x00000000027ee5b0 mode 2
Event: 5.036 Thread 0x000000000289e000 Uncommon trap: trap_request=0xffffff65 fr.pc=0x0000000002bc2b68
Event: 5.036 Thread 0x000000000289e000 DEOPT PACKING pc=0x0000000002bc2b68 sp=0x00000000027ee370
Event: 5.036 Thread 0x000000000289e000 DEOPT UNPACKING pc=0x0000000002a3582a sp=0x00000000027ee2c8 mode 2
Event: 5.036 Thread 0x000000000289e000 Uncommon trap: trap_request=0xffffffde fr.pc=0x0000000002e709b4
Event: 5.036 Thread 0x000000000289e000 DEOPT PACKING pc=0x0000000002e709b4 sp=0x00000000027ee610
Event: 5.036 Thread 0x000000000289e000 DEOPT UNPACKING pc=0x0000000002a3582a sp=0x00000000027ee5b0 mode 2


Dynamic libraries:
0x00007ff7e3f60000 - 0x00007ff7e3f97000 	C:\Program Files\Java\jdk1.8.0_111\bin\java.exe
0x00007fff5efb0000 - 0x00007fff5f1a5000 	C:\WINDOWS\SYSTEM32\ntdll.dll
0x00007fff5d070000 - 0x00007fff5d12d000 	C:\WINDOWS\System32\KERNEL32.DLL
0x00007fff5cd40000 - 0x00007fff5d008000 	C:\WINDOWS\System32\KERNELBASE.dll
0x00007fff5ec50000 - 0x00007fff5ecfc000 	C:\WINDOWS\System32\ADVAPI32.dll
0x00007fff5dbc0000 - 0x00007fff5dc5e000 	C:\WINDOWS\System32\msvcrt.dll
0x00007fff5d1d0000 - 0x00007fff5d26b000 	C:\WINDOWS\System32\sechost.dll
0x00007fff5d620000 - 0x00007fff5d74b000 	C:\WINDOWS\System32\RPCRT4.dll
0x00007fff5ed00000 - 0x00007fff5eea0000 	C:\WINDOWS\System32\USER32.dll
0x00007fff5c870000 - 0x00007fff5c892000 	C:\WINDOWS\System32\win32u.dll
0x00007fff5e240000 - 0x00007fff5e26a000 	C:\WINDOWS\System32\GDI32.dll
0x00007fff5c8f0000 - 0x00007fff5c9fb000 	C:\WINDOWS\System32\gdi32full.dll
0x00007fff5cbf0000 - 0x00007fff5cc8d000 	C:\WINDOWS\System32\msvcp_win.dll
0x00007fff5c6f0000 - 0x00007fff5c7f0000 	C:\WINDOWS\System32\ucrtbase.dll
0x00007fff545c0000 - 0x00007fff5485a000 	C:\WINDOWS\WinSxS\amd64_microsoft.windows.common-controls_6595b64144ccf1df_6.0.19041.844_none_ca00b6081b84eb1d\COMCTL32.dll
0x00007fff5d5d0000 - 0x00007fff5d600000 	C:\WINDOWS\System32\IMM32.DLL
0x0000000052370000 - 0x0000000052442000 	C:\Program Files\Java\jdk1.8.0_111\jre\bin\msvcr100.dll
0x0000000051a40000 - 0x00000000522da000 	C:\Program Files\Java\jdk1.8.0_111\jre\bin\server\jvm.dll
0x00007fff5d270000 - 0x00007fff5d278000 	C:\WINDOWS\System32\PSAPI.DLL
0x00007fff46870000 - 0x00007fff46879000 	C:\WINDOWS\SYSTEM32\WSOCK32.dll
0x00007fff4e8d0000 - 0x00007fff4e8f7000 	C:\WINDOWS\SYSTEM32\WINMM.dll
0x00007fff52290000 - 0x00007fff5229a000 	C:\WINDOWS\SYSTEM32\VERSION.dll
0x00007fff5dfc0000 - 0x00007fff5e02b000 	C:\WINDOWS\System32\WS2_32.dll
0x0000000053440000 - 0x000000005344f000 	C:\Program Files\Java\jdk1.8.0_111\jre\bin\verify.dll
0x0000000051a10000 - 0x0000000051a39000 	C:\Program Files\Java\jdk1.8.0_111\jre\bin\java.dll
0x00000000519f0000 - 0x0000000051a06000 	C:\Program Files\Java\jdk1.8.0_111\jre\bin\zip.dll
0x00007fff5e4a0000 - 0x00007fff5ebe2000 	C:\WINDOWS\System32\SHELL32.dll
0x00007fff5a480000 - 0x00007fff5ac10000 	C:\WINDOWS\SYSTEM32\windows.storage.dll
0x00007fff5dc60000 - 0x00007fff5dfb5000 	C:\WINDOWS\System32\combase.dll
0x00007fff5c090000 - 0x00007fff5c0bc000 	C:\WINDOWS\SYSTEM32\Wldp.dll
0x00007fff5e270000 - 0x00007fff5e31e000 	C:\WINDOWS\System32\SHCORE.dll
0x00007fff5ebf0000 - 0x00007fff5ec45000 	C:\WINDOWS\System32\shlwapi.dll
0x00007fff5c630000 - 0x00007fff5c64f000 	C:\WINDOWS\SYSTEM32\profapi.dll
0x00000000519d0000 - 0x00000000519ea000 	C:\Program Files\Java\jdk1.8.0_111\jre\bin\net.dll
0x00007fff5be00000 - 0x00007fff5be6a000 	C:\WINDOWS\system32\mswsock.dll
0x00000000519b0000 - 0x00000000519c1000 	C:\Program Files\Java\jdk1.8.0_111\jre\bin\nio.dll

VM Arguments:
jvm_args: -Dant.home=C:\Program Files\NetBeans-12.3\netbeans\extide\ant\bin\.. 
java_command: org.apache.tools.ant.launch.Launcher -f C:\Users\gusta\Documents\NetBeansProjects\AgendaPSQL\build.xml -Dant.rerun 1 jfx-project-rebuild
java_class_path (initial): C:\Program Files\NetBeans-12.3\netbeans\extide\ant\bin\..\lib\ant-launcher.jar
Launcher Type: SUN_STANDARD

Environment Variables:
JAVA_HOME=C:\Program Files\Java\jdk-16;C:\Program Files\Java\jdk-16\bin;
PATH=C:\Program Files\Common Files\Oracle\Java\javapath;C:\Program Files (x86)\Common Files\Oracle\Java\javapath;C:\ProgramData\Oracle\Java\javapath;C:\Program Files (x86)\Intel\Intel(R) Management Engine Components\iCLS\;C:\Program Files\Intel\Intel(R) Management Engine Components\iCLS\;C:\WINDOWS\system32;C:\WINDOWS;C:\WINDOWS\System32\Wbem;C:\WINDOWS\System32\WindowsPowerShell\v1.0\;C:\WINDOWS\System32\OpenSSH\;C:\Program Files (x86)\Intel\Intel(R) Management Engine Components\DAL;C:\Program Files\Intel\Intel(R) Management Engine Components\DAL;C:\Program Files\nodejs\;C:\ProgramData\chocolatey\bin;C:\Program Files\OpenJDK\openjdk-8u262-b10\bin;C:\Program Files\Git\cmd;C:\Users\gusta\AppData\Local\Programs\Python\Python38\Scripts\;C:\Users\gusta\AppData\Local\Programs\Python\Python38\;C:\Users\gusta\AppData\Local\Microsoft\WindowsApps;C:\Users\gusta\AppData\Local\Programs\Microsoft VS Code\bin;C:\Program Files\JetBrains\PyCharm Community Edition 2019.3.2\bin;;C:\Users\gusta\AppData\Roaming\npm;C:\Program Files\Java\jdk-16;C:\Program Files\Java\jdk-16\bin;;C:\Program Files\Java\jdk-16\bin\server;C:\Program Files\MySQL\MySQL Server 8.0\bin;C:\Program Files\MongoDB\Server\4.4\bin;
USERNAME=gusta
OS=Windows_NT
PROCESSOR_IDENTIFIER=Intel64 Family 6 Model 142 Stepping 10, GenuineIntel



---------------  S Y S T E M  ---------------

OS: Windows 10.0 , 64 bit Build 19041 (10.0.19041.928)

CPU:total 4 (2 cores per cpu, 2 threads per core) family 6 model 142 stepping 10, cmov, cx8, fxsr, mmx, sse, sse2, sse3, ssse3, sse4.1, sse4.2, popcnt, avx, avx2, aes, clmul, erms, 3dnowpref, lzcnt, ht, tsc, tscinvbit, bmi1, bmi2, adx

Memory: 4k page, physical 4107072k(315128k free), swap 16689984k(6000k free)

vm_info: Java HotSpot(TM) 64-Bit Server VM (25.111-b14) for windows-amd64 JRE (1.8.0_111-b14), built on Sep 22 2016 19:24:05 by "java_re" with MS VC++ 10.0 (VS2010)

time: Thu Jun 03 23:00:27 2021
elapsed time: 5 seconds (0d 0h 0m 5s)

