#
# There is insufficient memory for the Java Runtime Environment to continue.
# Native memory allocation (malloc) failed to allocate 191696 bytes for Chunk::new
# Possible reasons:
#   The system is out of physical RAM or swap space
#   In 32 bit mode, the process size limit was hit
# Possible solutions:
#   Reduce memory load on the system
#   Increase physical memory or swap space
#   Check if swap backing store is full
#   Use 64 bit Java on a 64 bit OS
#   Decrease Java heap size (-Xmx/-Xms)
#   Decrease number of Java threads
#   Decrease Java thread stack sizes (-Xss)
#   Set larger code cache with -XX:ReservedCodeCacheSize=
# This output file may be truncated or incomplete.
#
#  Out of Memory Error (allocation.cpp:390), pid=4184, tid=0x00000000000042d8
#
# JRE version: Java(TM) SE Runtime Environment (8.0_111-b14) (build 1.8.0_111-b14)
# Java VM: Java HotSpot(TM) 64-Bit Server VM (25.111-b14 mixed mode windows-amd64 compressed oops)
# Failed to write core dump. Minidumps are not enabled by default on client versions of Windows
#

---------------  T H R E A D  ---------------

Current thread (0x0000000015340000):  JavaThread "C2 CompilerThread0" daemon [_thread_in_native, id=17112, stack(0x00000000169b0000,0x0000000016ab0000)]

Stack: [0x00000000169b0000,0x0000000016ab0000]
[error occurred during error reporting (printing stack bounds), id 0xc0000005]

Native frames: (J=compiled Java code, j=interpreted, Vv=VM code, C=native code)


Current CompileTask:
C2:  12076 2273       4       jdk.internal.org.objectweb.asm.Frame::execute (2252 bytes)


---------------  P R O C E S S  ---------------

Java Threads: ( => current thread )
  0x0000000016cd0800 JavaThread "Service Thread" daemon [_thread_blocked, id=7440, stack(0x00000000170b0000,0x00000000171b0000)]
  0x0000000015349800 JavaThread "C1 CompilerThread2" daemon [_thread_blocked, id=11008, stack(0x0000000016bb0000,0x0000000016cb0000)]
  0x0000000015346000 JavaThread "C2 CompilerThread1" daemon [_thread_blocked, id=4136, stack(0x0000000016ab0000,0x0000000016bb0000)]
=>0x0000000015340000 JavaThread "C2 CompilerThread0" daemon [_thread_in_native, id=17112, stack(0x00000000169b0000,0x0000000016ab0000)]
  0x000000001533b800 JavaThread "Attach Listener" daemon [_thread_blocked, id=18028, stack(0x00000000168b0000,0x00000000169b0000)]
  0x000000001533a000 JavaThread "Signal Dispatcher" daemon [_thread_blocked, id=18452, stack(0x00000000167b0000,0x00000000168b0000)]
  0x000000001532a800 JavaThread "Finalizer" daemon [_thread_blocked, id=2692, stack(0x00000000165a0000,0x00000000166a0000)]
  0x0000000015309000 JavaThread "Reference Handler" daemon [_thread_blocked, id=13796, stack(0x00000000164a0000,0x00000000165a0000)]
  0x000000000120e000 JavaThread "main" [_thread_in_native, id=13680, stack(0x0000000002a30000,0x0000000002b30000)]

Other Threads:
  0x0000000015307800 VMThread [stack: 0x00000000163a0000,0x00000000164a0000] [id=3392]
  0x0000000016cdc000 WatcherThread [stack: 0x0000000017310000,0x0000000017410000] [id=10312]

VM state:not at safepoint (normal execution)

VM Mutex/Monitor currently owned by a thread: None

Heap:
 PSYoungGen      total 18944K, used 7672K [0x00000000eb180000, 0x00000000ed480000, 0x0000000100000000)
  eden space 16384K, 31% used [0x00000000eb180000,0x00000000eb67f4f8,0x00000000ec180000)
  from space 2560K, 99% used [0x00000000ec180000,0x00000000ec3fedb0,0x00000000ec400000)
  to   space 7168K, 0% used [0x00000000ecd80000,0x00000000ecd80000,0x00000000ed480000)
 ParOldGen       total 44032K, used 9211K [0x00000000c1400000, 0x00000000c3f00000, 0x00000000eb180000)
  object space 44032K, 20% used [0x00000000c1400000,0x00000000c1cfec60,0x00000000c3f00000)
 Metaspace       used 14824K, capacity 15806K, committed 16000K, reserved 1062912K
  class space    used 1791K, capacity 2125K, committed 2176K, reserved 1048576K

Card table byte_map: [0x00000000120f0000,0x00000000122f0000] byte_map_base: 0x0000000011ae6000

Marking Bits: (ParMarkBitMap*) 0x000000005225a6c0
 Begin Bits: [0x0000000012840000, 0x00000000137f0000)
 End Bits:   [0x00000000137f0000, 0x00000000147a0000)

Polling page: 0x00000000011a0000

CodeCache: size=245760Kb used=7663Kb max_used=7676Kb free=238096Kb
 bounds [0x0000000002d30000, 0x00000000034c0000, 0x0000000011d30000]
 total_blobs=2761 nmethods=2372 adapters=301
 compilation: enabled

Compilation events (10 events):
Event: 11.745 Thread 0x0000000015349800 nmethod 2301 0x000000000347b590 code [0x000000000347b720, 0x000000000347bcb8]
Event: 11.745 Thread 0x0000000015349800 2302       3       java.lang.invoke.BoundMethodHandle$Species_LL::<init> (18 bytes)
Event: 11.745 Thread 0x0000000015349800 nmethod 2302 0x000000000347be10 code [0x000000000347bf80, 0x000000000347c1c8]
Event: 11.745 Thread 0x0000000015349800 2299       3       java.lang.invoke.MethodType::leadingReferenceParameter (30 bytes)
Event: 11.746 Thread 0x0000000015349800 nmethod 2299 0x000000000347c2d0 code [0x000000000347c460, 0x000000000347c818]
Event: 11.746 Thread 0x0000000015349800 2300       3       java.lang.invoke.MethodHandle::bindArgumentL (10 bytes)
Event: 11.746 Thread 0x0000000015349800 nmethod 2300 0x000000000347c9d0 code [0x000000000347cb80, 0x000000000347d1e8]
Event: 11.753 Thread 0x0000000015346000 nmethod 2297 0x0000000003480790 code [0x0000000003480900, 0x0000000003480e98]
Event: 11.753 Thread 0x0000000015346000 2303       4       java.lang.reflect.Modifier::isPublic (12 bytes)
Event: 11.754 Thread 0x0000000015346000 nmethod 2303 0x000000000347d990 code [0x000000000347dac0, 0x000000000347daf8]

GC Heap History (10 events):
Event: 2.444 GC heap before
{Heap before GC invocations=1 (full 0):
 PSYoungGen      total 18944K, used 16384K [0x00000000eb180000, 0x00000000ec680000, 0x0000000100000000)
  eden space 16384K, 100% used [0x00000000eb180000,0x00000000ec180000,0x00000000ec180000)
  from space 2560K, 0% used [0x00000000ec400000,0x00000000ec400000,0x00000000ec680000)
  to   space 2560K, 0% used [0x00000000ec180000,0x00000000ec180000,0x00000000ec400000)
 ParOldGen       total 44032K, used 0K [0x00000000c1400000, 0x00000000c3f00000, 0x00000000eb180000)
  object space 44032K, 0% used [0x00000000c1400000,0x00000000c1400000,0x00000000c3f00000)
 Metaspace       used 7681K, capacity 7946K, committed 8192K, reserved 1056768K
  class space    used 856K, capacity 942K, committed 1024K, reserved 1048576K
Event: 2.449 GC heap after
Heap after GC invocations=1 (full 0):
 PSYoungGen      total 18944K, used 2539K [0x00000000eb180000, 0x00000000ec680000, 0x0000000100000000)
  eden space 16384K, 0% used [0x00000000eb180000,0x00000000eb180000,0x00000000ec180000)
  from space 2560K, 99% used [0x00000000ec180000,0x00000000ec3fae70,0x00000000ec400000)
  to   space 2560K, 0% used [0x00000000ec400000,0x00000000ec400000,0x00000000ec680000)
 ParOldGen       total 44032K, used 389K [0x00000000c1400000, 0x00000000c3f00000, 0x00000000eb180000)
  object space 44032K, 0% used [0x00000000c1400000,0x00000000c1461788,0x00000000c3f00000)
 Metaspace       used 7681K, capacity 7946K, committed 8192K, reserved 1056768K
  class space    used 856K, capacity 942K, committed 1024K, reserved 1048576K
}
Event: 3.157 GC heap before
{Heap before GC invocations=2 (full 0):
 PSYoungGen      total 18944K, used 18923K [0x00000000eb180000, 0x00000000ec680000, 0x0000000100000000)
  eden space 16384K, 100% used [0x00000000eb180000,0x00000000ec180000,0x00000000ec180000)
  from space 2560K, 99% used [0x00000000ec180000,0x00000000ec3fae70,0x00000000ec400000)
  to   space 2560K, 0% used [0x00000000ec400000,0x00000000ec400000,0x00000000ec680000)
 ParOldGen       total 44032K, used 389K [0x00000000c1400000, 0x00000000c3f00000, 0x00000000eb180000)
  object space 44032K, 0% used [0x00000000c1400000,0x00000000c1461788,0x00000000c3f00000)
 Metaspace       used 8863K, capacity 9334K, committed 9600K, reserved 1058816K
  class space    used 978K, capacity 1105K, committed 1152K, reserved 1048576K
Event: 3.167 GC heap after
Heap after GC invocations=2 (full 0):
 PSYoungGen      total 18944K, used 2555K [0x00000000eb180000, 0x00000000ec680000, 0x0000000100000000)
  eden space 16384K, 0% used [0x00000000eb180000,0x00000000eb180000,0x00000000ec180000)
  from space 2560K, 99% used [0x00000000ec400000,0x00000000ec67ee80,0x00000000ec680000)
  to   space 2560K, 0% used [0x00000000ec180000,0x00000000ec180000,0x00000000ec400000)
 ParOldGen       total 44032K, used 2977K [0x00000000c1400000, 0x00000000c3f00000, 0x00000000eb180000)
  object space 44032K, 6% used [0x00000000c1400000,0x00000000c16e8690,0x00000000c3f00000)
 Metaspace       used 8863K, capacity 9334K, committed 9600K, reserved 1058816K
  class space    used 978K, capacity 1105K, committed 1152K, reserved 1048576K
}
Event: 3.612 GC heap before
{Heap before GC invocations=3 (full 0):
 PSYoungGen      total 18944K, used 18939K [0x00000000eb180000, 0x00000000ec680000, 0x0000000100000000)
  eden space 16384K, 100% used [0x00000000eb180000,0x00000000ec180000,0x00000000ec180000)
  from space 2560K, 99% used [0x00000000ec400000,0x00000000ec67ee80,0x00000000ec680000)
  to   space 2560K, 0% used [0x00000000ec180000,0x00000000ec180000,0x00000000ec400000)
 ParOldGen       total 44032K, used 2977K [0x00000000c1400000, 0x00000000c3f00000, 0x00000000eb180000)
  object space 44032K, 6% used [0x00000000c1400000,0x00000000c16e8690,0x00000000c3f00000)
 Metaspace       used 9723K, capacity 10266K, committed 10496K, reserved 1058816K
  class space    used 1101K, capacity 1227K, committed 1280K, reserved 1048576K
Event: 3.619 GC heap after
Heap after GC invocations=3 (full 0):
 PSYoungGen      total 18944K, used 2555K [0x00000000eb180000, 0x00000000ed680000, 0x0000000100000000)
  eden space 16384K, 0% used [0x00000000eb180000,0x00000000eb180000,0x00000000ec180000)
  from space 2560K, 99% used [0x00000000ec180000,0x00000000ec3fee60,0x00000000ec400000)
  to   space 2560K, 0% used [0x00000000ed400000,0x00000000ed400000,0x00000000ed680000)
 ParOldGen       total 44032K, used 3557K [0x00000000c1400000, 0x00000000c3f00000, 0x00000000eb180000)
  object space 44032K, 8% used [0x00000000c1400000,0x00000000c1779518,0x00000000c3f00000)
 Metaspace       used 9723K, capacity 10266K, committed 10496K, reserved 1058816K
  class space    used 1101K, capacity 1227K, committed 1280K, reserved 1048576K
}
Event: 6.392 GC heap before
{Heap before GC invocations=4 (full 0):
 PSYoungGen      total 18944K, used 18939K [0x00000000eb180000, 0x00000000ed680000, 0x0000000100000000)
  eden space 16384K, 100% used [0x00000000eb180000,0x00000000ec180000,0x00000000ec180000)
  from space 2560K, 99% used [0x00000000ec180000,0x00000000ec3fee60,0x00000000ec400000)
  to   space 2560K, 0% used [0x00000000ed400000,0x00000000ed400000,0x00000000ed680000)
 ParOldGen       total 44032K, used 3557K [0x00000000c1400000, 0x00000000c3f00000, 0x00000000eb180000)
  object space 44032K, 8% used [0x00000000c1400000,0x00000000c1779518,0x00000000c3f00000)
 Metaspace       used 10560K, capacity 11204K, committed 11392K, reserved 1058816K
  class space    used 1201K, capacity 1338K, committed 1408K, reserved 1048576K
Event: 6.410 GC heap after
Heap after GC invocations=4 (full 0):
 PSYoungGen      total 18944K, used 2555K [0x00000000eb180000, 0x00000000ed680000, 0x0000000100000000)
  eden space 16384K, 0% used [0x00000000eb180000,0x00000000eb180000,0x00000000ec180000)
  from space 2560K, 99% used [0x00000000ed400000,0x00000000ed67ee40,0x00000000ed680000)
  to   space 2560K, 0% used [0x00000000ec180000,0x00000000ec180000,0x00000000ec400000)
 ParOldGen       total 44032K, used 6207K [0x00000000c1400000, 0x00000000c3f00000, 0x00000000eb180000)
  object space 44032K, 14% used [0x00000000c1400000,0x00000000c1a0ff98,0x00000000c3f00000)
 Metaspace       used 10560K, capacity 11204K, committed 11392K, reserved 1058816K
  class space    used 1201K, capacity 1338K, committed 1408K, reserved 1048576K
}
Event: 11.201 GC heap before
{Heap before GC invocations=5 (full 0):
 PSYoungGen      total 18944K, used 18939K [0x00000000eb180000, 0x00000000ed680000, 0x0000000100000000)
  eden space 16384K, 100% used [0x00000000eb180000,0x00000000ec180000,0x00000000ec180000)
  from space 2560K, 99% used [0x00000000ed400000,0x00000000ed67ee40,0x00000000ed680000)
  to   space 2560K, 0% used [0x00000000ec180000,0x00000000ec180000,0x00000000ec400000)
 ParOldGen       total 44032K, used 6207K [0x00000000c1400000, 0x00000000c3f00000, 0x00000000eb180000)
  object space 44032K, 14% used [0x00000000c1400000,0x00000000c1a0ff98,0x00000000c3f00000)
 Metaspace       used 13830K, capacity 14664K, committed 14976K, reserved 1062912K
  class space    used 1599K, capacity 1838K, committed 1920K, reserved 1048576K
Event: 11.217 GC heap after
Heap after GC invocations=5 (full 0):
 PSYoungGen      total 18944K, used 2555K [0x00000000eb180000, 0x00000000ed480000, 0x0000000100000000)
  eden space 16384K, 0% used [0x00000000eb180000,0x00000000eb180000,0x00000000ec180000)
  from space 2560K, 99% used [0x00000000ec180000,0x00000000ec3fedb0,0x00000000ec400000)
  to   space 7168K, 0% used [0x00000000ecd80000,0x00000000ecd80000,0x00000000ed480000)
 ParOldGen       total 44032K, used 9211K [0x00000000c1400000, 0x00000000c3f00000, 0x00000000eb180000)
  object space 44032K, 20% used [0x00000000c1400000,0x00000000c1cfec60,0x00000000c3f00000)
 Metaspace       used 13830K, capacity 14664K, committed 14976K, reserved 1062912K
  class space    used 1599K, capacity 1838K, committed 1920K, reserved 1048576K
}

Deoptimization events (10 events):
Event: 8.884 Thread 0x000000000120e000 Uncommon trap: reason=class_check action=maybe_recompile pc=0x0000000003047ad8 method=java.util.HashMap.getNode(ILjava/lang/Object;)Ljava/util/HashMap$Node; @ 126
Event: 8.885 Thread 0x000000000120e000 Uncommon trap: reason=unstable_if action=reinterpret pc=0x0000000003047a98 method=java.util.HashMap.getNode(ILjava/lang/Object;)Ljava/util/HashMap$Node; @ 62
Event: 8.885 Thread 0x000000000120e000 Uncommon trap: reason=class_check action=maybe_recompile pc=0x0000000003102be0 method=java.util.HashMap.putVal(ILjava/lang/Object;Ljava/lang/Object;ZZ)Ljava/lang/Object; @ 91
Event: 8.885 Thread 0x000000000120e000 Uncommon trap: reason=class_check action=maybe_recompile pc=0x0000000003102be0 method=java.util.HashMap.putVal(ILjava/lang/Object;Ljava/lang/Object;ZZ)Ljava/lang/Object; @ 91
Event: 8.885 Thread 0x000000000120e000 Uncommon trap: reason=class_check action=maybe_recompile pc=0x0000000003102be0 method=java.util.HashMap.putVal(ILjava/lang/Object;Ljava/lang/Object;ZZ)Ljava/lang/Object; @ 91
Event: 8.887 Thread 0x000000000120e000 Uncommon trap: reason=unstable_if action=reinterpret pc=0x0000000003319894 method=java.util.LinkedHashMap.afterNodeInsertion(Z)V @ 1
Event: 9.682 Thread 0x000000000120e000 Uncommon trap: reason=class_check action=maybe_recompile pc=0x00000000033df7f0 method=java.util.HashMap.putVal(ILjava/lang/Object;Ljava/lang/Object;ZZ)Ljava/lang/Object; @ 253
Event: 9.822 Thread 0x000000000120e000 Uncommon trap: reason=class_check action=maybe_recompile pc=0x00000000033df7f0 method=java.util.HashMap.putVal(ILjava/lang/Object;Ljava/lang/Object;ZZ)Ljava/lang/Object; @ 253
Event: 10.041 Thread 0x000000000120e000 Uncommon trap: reason=unstable_if action=reinterpret pc=0x00000000033e1854 method=jdk.internal.org.objectweb.asm.Type.getArgumentsAndReturnSizes(Ljava/lang/String;)I @ 47
Event: 11.654 Thread 0x000000000120e000 Uncommon trap: reason=unstable_if action=reinterpret pc=0x00000000034428e4 method=jdk.internal.org.objectweb.asm.Item.isEqualTo(Ljdk/internal/org/objectweb/asm/Item;)Z @ 331

Internal exceptions (10 events):
Event: 1.384 Thread 0x000000000120e000 Exception <a 'java/lang/IncompatibleClassChangeError': Found class java.lang.Object, but interface was expected> (0x00000000ebbd6e28) thrown at [C:\re\workspace\8-2-build-windows-amd64-cygwin\jdk8u111\7883\hotspot\src\share\vm\interpreter\linkResolver.cpp
Event: 2.046 Thread 0x000000000120e000 Exception <a 'java/lang/NoSuchMethodError': java.lang.Object.lambda$andThen$1(Ljava/util/function/Function;Ljava/lang/Object;)Ljava/lang/Object;> (0x00000000ebf0bcb0) thrown at [C:\re\workspace\8-2-build-windows-amd64-cygwin\jdk8u111\7883\hotspot\src\shar
Event: 2.750 Thread 0x000000000120e000 Exception <a 'java/lang/NoSuchMethodError': java.lang.Object.lambda$identity$2(Ljava/lang/Object;)Ljava/lang/Object;> (0x00000000eb801530) thrown at [C:\re\workspace\8-2-build-windows-amd64-cygwin\jdk8u111\7883\hotspot\src\share\vm\interpreter\linkResolve
Event: 2.751 Thread 0x000000000120e000 Exception <a 'java/lang/IncompatibleClassChangeError': Found class java.lang.Object, but interface was expected> (0x00000000eb806480) thrown at [C:\re\workspace\8-2-build-windows-amd64-cygwin\jdk8u111\7883\hotspot\src\share\vm\interpreter\linkResolver.cpp
Event: 3.067 Thread 0x000000000120e000 Exception <a 'java/lang/ClassNotFoundException': org/apache/tools/ant/helper/DefaultExecutor> (0x00000000ebeef820) thrown at [C:\re\workspace\8-2-build-windows-amd64-cygwin\jdk8u111\7883\hotspot\src\share\vm\classfile\systemDictionary.cpp, line 210]
Event: 3.409 Thread 0x000000000120e000 Exception <a 'java/lang/NoSuchMethodError': java.lang.Object.lambda$isEqual$3(Ljava/lang/Object;Ljava/lang/Object;)Z> (0x00000000ebd09a60) thrown at [C:\re\workspace\8-2-build-windows-amd64-cygwin\jdk8u111\7883\hotspot\src\share\vm\interpreter\linkResolve
Event: 5.657 Thread 0x0000000017c8e800 Implicit null exception at 0x0000000003244da8 to 0x0000000003244e51
Event: 7.069 Thread 0x000000000120e000 Exception <a 'java/lang/NoSuchMethodError': java.lang.Object.of([Ljava/lang/Object;)Ljava/util/stream/Stream;> (0x00000000eb7a4090) thrown at [C:\re\workspace\8-2-build-windows-amd64-cygwin\jdk8u111\7883\hotspot\src\share\vm\interpreter\linkResolver.cpp, 
Event: 7.175 Thread 0x000000000120e000 Exception <a 'java/lang/NoSuchMethodError': java.lang.Object.lambda$chars$0()Ljava/util/Spliterator$OfInt;> (0x00000000eb8afbc8) thrown at [C:\re\workspace\8-2-build-windows-amd64-cygwin\jdk8u111\7883\hotspot\src\share\vm\interpreter\linkResolver.cpp, lin
Event: 7.285 Thread 0x000000000120e000 Implicit null exception at 0x00000000031bd3b5 to 0x00000000031bdbdd

Events (10 events):
Event: 11.735 loading class jdk/nashorn/internal/objects/NativeArray
Event: 11.735 loading class jdk/nashorn/internal/objects/NativeArray done
Event: 11.735 loading class jdk/nashorn/internal/objects/NativeArray$ConcatLinkLogic
Event: 11.735 loading class jdk/nashorn/internal/objects/NativeArray$ConcatLinkLogic done
Event: 11.736 loading class jdk/nashorn/internal/objects/NativeArray$ArrayLinkLogic
Event: 11.736 loading class jdk/nashorn/internal/objects/NativeArray$ArrayLinkLogic done
Event: 11.737 loading class jdk/nashorn/internal/objects/annotations/SpecializedFunction$LinkLogic
Event: 11.737 loading class jdk/nashorn/internal/objects/annotations/SpecializedFunction$LinkLogic done
Event: 11.786 loading class jdk/nashorn/internal/objects/annotations/SpecializedFunction$LinkLogic$Empty
Event: 11.786 loading class jdk/nashorn/internal/objects/annotations/SpecializedFunction$LinkLogic$Empty done


Dynamic libraries:
0x00007ff6647d0000 - 0x00007ff664807000 	C:\Program Files\Java\jdk1.8.0_111\bin\java.exe
0x00007fff5efb0000 - 0x00007fff5f1a5000 	C:\WINDOWS\SYSTEM32\ntdll.dll
0x00007fff5d070000 - 0x00007fff5d12d000 	C:\WINDOWS\System32\KERNEL32.DLL
0x00007fff5cd40000 - 0x00007fff5d008000 	C:\WINDOWS\System32\KERNELBASE.dll
0x00007fff5ec50000 - 0x00007fff5ecfc000 	C:\WINDOWS\System32\ADVAPI32.dll
0x00007fff5dbc0000 - 0x00007fff5dc5e000 	C:\WINDOWS\System32\msvcrt.dll
0x00007fff5d1d0000 - 0x00007fff5d26b000 	C:\WINDOWS\System32\sechost.dll
0x00007fff5d620000 - 0x00007fff5d74b000 	C:\WINDOWS\System32\RPCRT4.dll
0x00007fff5ed00000 - 0x00007fff5eea0000 	C:\WINDOWS\System32\USER32.dll
0x00007fff5c870000 - 0x00007fff5c892000 	C:\WINDOWS\System32\win32u.dll
0x00007fff5e240000 - 0x00007fff5e26a000 	C:\WINDOWS\System32\GDI32.dll
0x00007fff5c8f0000 - 0x00007fff5c9fb000 	C:\WINDOWS\System32\gdi32full.dll
0x00007fff5cbf0000 - 0x00007fff5cc8d000 	C:\WINDOWS\System32\msvcp_win.dll
0x00007fff5c6f0000 - 0x00007fff5c7f0000 	C:\WINDOWS\System32\ucrtbase.dll
0x00007fff545c0000 - 0x00007fff5485a000 	C:\WINDOWS\WinSxS\amd64_microsoft.windows.common-controls_6595b64144ccf1df_6.0.19041.844_none_ca00b6081b84eb1d\COMCTL32.dll
0x00007fff5d5d0000 - 0x00007fff5d600000 	C:\WINDOWS\System32\IMM32.DLL
0x0000000052370000 - 0x0000000052442000 	C:\Program Files\Java\jdk1.8.0_111\jre\bin\msvcr100.dll
0x0000000051a40000 - 0x00000000522da000 	C:\Program Files\Java\jdk1.8.0_111\jre\bin\server\jvm.dll
0x00007fff5d270000 - 0x00007fff5d278000 	C:\WINDOWS\System32\PSAPI.DLL
0x00007fff52290000 - 0x00007fff5229a000 	C:\WINDOWS\SYSTEM32\VERSION.dll
0x00007fff4e8d0000 - 0x00007fff4e8f7000 	C:\WINDOWS\SYSTEM32\WINMM.dll
0x00007fff46870000 - 0x00007fff46879000 	C:\WINDOWS\SYSTEM32\WSOCK32.dll
0x00007fff5dfc0000 - 0x00007fff5e02b000 	C:\WINDOWS\System32\WS2_32.dll
0x0000000053440000 - 0x000000005344f000 	C:\Program Files\Java\jdk1.8.0_111\jre\bin\verify.dll
0x0000000051a10000 - 0x0000000051a39000 	C:\Program Files\Java\jdk1.8.0_111\jre\bin\java.dll
0x00000000519f0000 - 0x0000000051a06000 	C:\Program Files\Java\jdk1.8.0_111\jre\bin\zip.dll
0x00007fff5e4a0000 - 0x00007fff5ebe2000 	C:\WINDOWS\System32\SHELL32.dll
0x00007fff5a480000 - 0x00007fff5ac10000 	C:\WINDOWS\SYSTEM32\windows.storage.dll
0x00007fff5dc60000 - 0x00007fff5dfb5000 	C:\WINDOWS\System32\combase.dll
0x00007fff5c090000 - 0x00007fff5c0bc000 	C:\WINDOWS\SYSTEM32\Wldp.dll
0x00007fff5e270000 - 0x00007fff5e31e000 	C:\WINDOWS\System32\SHCORE.dll
0x00007fff5ebf0000 - 0x00007fff5ec45000 	C:\WINDOWS\System32\shlwapi.dll
0x00007fff5c630000 - 0x00007fff5c64f000 	C:\WINDOWS\SYSTEM32\profapi.dll
0x00000000519d0000 - 0x00000000519ea000 	C:\Program Files\Java\jdk1.8.0_111\jre\bin\net.dll
0x00007fff5be00000 - 0x00007fff5be6a000 	C:\WINDOWS\system32\mswsock.dll
0x00000000519b0000 - 0x00000000519c1000 	C:\Program Files\Java\jdk1.8.0_111\jre\bin\nio.dll

VM Arguments:
jvm_args: -Dant.home=C:\Program Files\NetBeans-12.3\netbeans\extide\ant\bin\.. 
java_command: org.apache.tools.ant.launch.Launcher -f C:\Users\gusta\Documents\NetBeansProjects\AgendaPSQL\build.xml -Dant.rerun 1 jfxsa-run-no-another-jvm
java_class_path (initial): C:\Program Files\NetBeans-12.3\netbeans\extide\ant\bin\..\lib\ant-launcher.jar
Launcher Type: SUN_STANDARD

Environment Variables:
JAVA_HOME=C:\Program Files\Java\jdk-16;C:\Program Files\Java\jdk-16\bin;
PATH=C:\Program Files\Common Files\Oracle\Java\javapath;C:\Program Files (x86)\Common Files\Oracle\Java\javapath;C:\ProgramData\Oracle\Java\javapath;C:\Program Files (x86)\Intel\Intel(R) Management Engine Components\iCLS\;C:\Program Files\Intel\Intel(R) Management Engine Components\iCLS\;C:\WINDOWS\system32;C:\WINDOWS;C:\WINDOWS\System32\Wbem;C:\WINDOWS\System32\WindowsPowerShell\v1.0\;C:\WINDOWS\System32\OpenSSH\;C:\Program Files (x86)\Intel\Intel(R) Management Engine Components\DAL;C:\Program Files\Intel\Intel(R) Management Engine Components\DAL;C:\Program Files\nodejs\;C:\ProgramData\chocolatey\bin;C:\Program Files\OpenJDK\openjdk-8u262-b10\bin;C:\Program Files\Git\cmd;C:\Users\gusta\AppData\Local\Programs\Python\Python38\Scripts\;C:\Users\gusta\AppData\Local\Programs\Python\Python38\;C:\Users\gusta\AppData\Local\Microsoft\WindowsApps;C:\Users\gusta\AppData\Local\Programs\Microsoft VS Code\bin;C:\Program Files\JetBrains\PyCharm Community Edition 2019.3.2\bin;;C:\Users\gusta\AppData\Roaming\npm;C:\Program Files\Java\jdk-16;C:\Program Files\Java\jdk-16\bin;;C:\Program Files\Java\jdk-16\bin\server;C:\Program Files\MySQL\MySQL Server 8.0\bin;C:\Program Files\MongoDB\Server\4.4\bin;
USERNAME=gusta
OS=Windows_NT
PROCESSOR_IDENTIFIER=Intel64 Family 6 Model 142 Stepping 10, GenuineIntel



---------------  S Y S T E M  ---------------

OS: Windows 10.0 , 64 bit Build 19041 (10.0.19041.928)

CPU:total 4 (2 cores per cpu, 2 threads per core) family 6 model 142 stepping 10, cmov, cx8, fxsr, mmx, sse, sse2, sse3, ssse3, sse4.1, sse4.2, popcnt, avx, avx2, aes, clmul, erms, 3dnowpref, lzcnt, ht, tsc, tscinvbit, bmi1, bmi2, adx

Memory: 4k page, physical 4107072k(308656k free), swap 16689984k(4552k free)

vm_info: Java HotSpot(TM) 64-Bit Server VM (25.111-b14) for windows-amd64 JRE (1.8.0_111-b14), built on Sep 22 2016 19:24:05 by "java_re" with MS VC++ 10.0 (VS2010)

time: Wed Jun 02 01:08:42 2021
elapsed time: 12 seconds (0d 0h 0m 12s)

