#
# There is insufficient memory for the Java Runtime Environment to continue.
# Native memory allocation (malloc) failed to allocate 65552 bytes for Chunk::new
# Possible reasons:
#   The system is out of physical RAM or swap space
#   In 32 bit mode, the process size limit was hit
# Possible solutions:
#   Reduce memory load on the system
#   Increase physical memory or swap space
#   Check if swap backing store is full
#   Use 64 bit Java on a 64 bit OS
#   Decrease Java heap size (-Xmx/-Xms)
#   Decrease number of Java threads
#   Decrease Java thread stack sizes (-Xss)
#   Set larger code cache with -XX:ReservedCodeCacheSize=
# This output file may be truncated or incomplete.
#
#  Out of Memory Error (allocation.cpp:390), pid=7584, tid=0x0000000000004cd0
#
# JRE version: Java(TM) SE Runtime Environment (8.0_111-b14) (build 1.8.0_111-b14)
# Java VM: Java HotSpot(TM) 64-Bit Server VM (25.111-b14 mixed mode windows-amd64 compressed oops)
# Failed to write core dump. Minidumps are not enabled by default on client versions of Windows
#

---------------  T H R E A D  ---------------

Current thread (0x0000000014bbd000):  JavaThread "C2 CompilerThread1" daemon [_thread_in_native, id=19664, stack(0x0000000016340000,0x0000000016440000)]

Stack: [0x0000000016340000,0x0000000016440000]
[error occurred during error reporting (printing stack bounds), id 0xc0000005]

Native frames: (J=compiled Java code, j=interpreted, Vv=VM code, C=native code)


Current CompileTask:
C2:   3869 1389   !   4       sun.misc.URLClassPath$JarLoader::getResource (349 bytes)


---------------  P R O C E S S  ---------------

Java Threads: ( => current thread )
  0x0000000017b78000 JavaThread "Thread-1" daemon [_thread_blocked, id=936, stack(0x0000000018770000,0x0000000018870000)]
  0x0000000017924800 JavaThread "Thread-0" daemon [_thread_blocked, id=4472, stack(0x0000000018670000,0x0000000018770000)]
  0x0000000016568800 JavaThread "Service Thread" daemon [_thread_blocked, id=10952, stack(0x0000000016940000,0x0000000016a40000)]
  0x0000000014bc2800 JavaThread "C1 CompilerThread2" daemon [_thread_blocked, id=19776, stack(0x0000000016440000,0x0000000016540000)]
=>0x0000000014bbd000 JavaThread "C2 CompilerThread1" daemon [_thread_in_native, id=19664, stack(0x0000000016340000,0x0000000016440000)]
  0x0000000014bb1000 JavaThread "C2 CompilerThread0" daemon [_thread_blocked, id=11412, stack(0x0000000016240000,0x0000000016340000)]
  0x0000000014bac800 JavaThread "Attach Listener" daemon [_thread_blocked, id=20128, stack(0x0000000016140000,0x0000000016240000)]
  0x0000000014bab000 JavaThread "Signal Dispatcher" daemon [_thread_blocked, id=16072, stack(0x0000000016040000,0x0000000016140000)]
  0x00000000024fb800 JavaThread "Finalizer" daemon [_thread_blocked, id=3692, stack(0x0000000015e30000,0x0000000015f30000)]
  0x0000000014b79000 JavaThread "Reference Handler" daemon [_thread_blocked, id=17684, stack(0x0000000015d30000,0x0000000015e30000)]
  0x000000000259e000 JavaThread "main" [_thread_in_native, id=15892, stack(0x0000000002290000,0x0000000002390000)]

Other Threads:
  0x0000000014b77800 VMThread [stack: 0x0000000015c30000,0x0000000015d30000] [id=7832]
  0x0000000016573000 WatcherThread [stack: 0x0000000016ba0000,0x0000000016ca0000] [id=15992]

VM state:not at safepoint (normal execution)

VM Mutex/Monitor currently owned by a thread: None

Heap:
 PSYoungGen      total 18944K, used 8377K [0x00000000eb180000, 0x00000000ed680000, 0x0000000100000000)
  eden space 16384K, 35% used [0x00000000eb180000,0x00000000eb7327b0,0x00000000ec180000)
  from space 2560K, 99% used [0x00000000ec180000,0x00000000ec3fc010,0x00000000ec400000)
  to   space 2560K, 0% used [0x00000000ed400000,0x00000000ed400000,0x00000000ed680000)
 ParOldGen       total 44032K, used 3551K [0x00000000c1400000, 0x00000000c3f00000, 0x00000000eb180000)
  object space 44032K, 8% used [0x00000000c1400000,0x00000000c1777f88,0x00000000c3f00000)
 Metaspace       used 10099K, capacity 10670K, committed 10752K, reserved 1058816K
  class space    used 1142K, capacity 1271K, committed 1280K, reserved 1048576K

Card table byte_map: [0x0000000011960000,0x0000000011b60000] byte_map_base: 0x0000000011356000

Marking Bits: (ParMarkBitMap*) 0x000000005225a6c0
 Begin Bits: [0x00000000120b0000, 0x0000000013060000)
 End Bits:   [0x0000000013060000, 0x0000000014010000)

Polling page: 0x00000000001f0000

CodeCache: size=245760Kb used=5453Kb max_used=5458Kb free=240306Kb
 bounds [0x00000000025a0000, 0x0000000002b00000, 0x00000000115a0000]
 total_blobs=1920 nmethods=1581 adapters=251
 compilation: enabled

Compilation events (10 events):
Event: 3.522 Thread 0x0000000014bc2800 1583       3       java.util.regex.Pattern$Single::isSatisfiedBy (14 bytes)
Event: 3.522 Thread 0x0000000014bc2800 nmethod 1583 0x0000000002aee7d0 code [0x0000000002aee920, 0x0000000002aeead0]
Event: 3.616 Thread 0x0000000014bc2800 1584       3       java.util.zip.ZipFile::access$1100 (5 bytes)
Event: 3.616 Thread 0x0000000014bc2800 nmethod 1584 0x0000000002aee450 code [0x0000000002aee5c0, 0x0000000002aee728]
Event: 3.616 Thread 0x0000000014bc2800 1585       3       java.util.zip.ZipFile::access$1200 (5 bytes)
Event: 3.616 Thread 0x0000000014bc2800 nmethod 1585 0x0000000002aee0d0 code [0x0000000002aee240, 0x0000000002aee3a8]
Event: 3.616 Thread 0x0000000014bc2800 1586       3       java.util.zip.ZipFile$ZipFileInflaterInputStream::fill (80 bytes)
Event: 3.617 Thread 0x0000000014bc2800 nmethod 1586 0x0000000002af8c50 code [0x0000000002af8de0, 0x0000000002af91e8]
Event: 3.618 Thread 0x0000000014bc2800 1587       3       java.util.zip.ZipFile$ZipFileInputStream::<init> (41 bytes)
Event: 3.619 Thread 0x0000000014bc2800 nmethod 1587 0x0000000002af8510 code [0x0000000002af86a0, 0x0000000002af8a38]

GC Heap History (6 events):
Event: 2.364 GC heap before
{Heap before GC invocations=1 (full 0):
 PSYoungGen      total 18944K, used 16384K [0x00000000eb180000, 0x00000000ec680000, 0x0000000100000000)
  eden space 16384K, 100% used [0x00000000eb180000,0x00000000ec180000,0x00000000ec180000)
  from space 2560K, 0% used [0x00000000ec400000,0x00000000ec400000,0x00000000ec680000)
  to   space 2560K, 0% used [0x00000000ec180000,0x00000000ec180000,0x00000000ec400000)
 ParOldGen       total 44032K, used 0K [0x00000000c1400000, 0x00000000c3f00000, 0x00000000eb180000)
  object space 44032K, 0% used [0x00000000c1400000,0x00000000c1400000,0x00000000c3f00000)
 Metaspace       used 7685K, capacity 7938K, committed 8192K, reserved 1056768K
  class space    used 856K, capacity 942K, committed 1024K, reserved 1048576K
Event: 2.370 GC heap after
Heap after GC invocations=1 (full 0):
 PSYoungGen      total 18944K, used 2556K [0x00000000eb180000, 0x00000000ec680000, 0x0000000100000000)
  eden space 16384K, 0% used [0x00000000eb180000,0x00000000eb180000,0x00000000ec180000)
  from space 2560K, 99% used [0x00000000ec180000,0x00000000ec3ff380,0x00000000ec400000)
  to   space 2560K, 0% used [0x00000000ec400000,0x00000000ec400000,0x00000000ec680000)
 ParOldGen       total 44032K, used 371K [0x00000000c1400000, 0x00000000c3f00000, 0x00000000eb180000)
  object space 44032K, 0% used [0x00000000c1400000,0x00000000c145cc48,0x00000000c3f00000)
 Metaspace       used 7685K, capacity 7938K, committed 8192K, reserved 1056768K
  class space    used 856K, capacity 942K, committed 1024K, reserved 1048576K
}
Event: 2.986 GC heap before
{Heap before GC invocations=2 (full 0):
 PSYoungGen      total 18944K, used 18940K [0x00000000eb180000, 0x00000000ec680000, 0x0000000100000000)
  eden space 16384K, 100% used [0x00000000eb180000,0x00000000ec180000,0x00000000ec180000)
  from space 2560K, 99% used [0x00000000ec180000,0x00000000ec3ff380,0x00000000ec400000)
  to   space 2560K, 0% used [0x00000000ec400000,0x00000000ec400000,0x00000000ec680000)
 ParOldGen       total 44032K, used 371K [0x00000000c1400000, 0x00000000c3f00000, 0x00000000eb180000)
  object space 44032K, 0% used [0x00000000c1400000,0x00000000c145cc48,0x00000000c3f00000)
 Metaspace       used 8855K, capacity 9326K, committed 9600K, reserved 1058816K
  class space    used 978K, capacity 1105K, committed 1152K, reserved 1048576K
Event: 2.997 GC heap after
Heap after GC invocations=2 (full 0):
 PSYoungGen      total 18944K, used 2528K [0x00000000eb180000, 0x00000000ec680000, 0x0000000100000000)
  eden space 16384K, 0% used [0x00000000eb180000,0x00000000eb180000,0x00000000ec180000)
  from space 2560K, 98% used [0x00000000ec400000,0x00000000ec678040,0x00000000ec680000)
  to   space 2560K, 0% used [0x00000000ec180000,0x00000000ec180000,0x00000000ec400000)
 ParOldGen       total 44032K, used 2977K [0x00000000c1400000, 0x00000000c3f00000, 0x00000000eb180000)
  object space 44032K, 6% used [0x00000000c1400000,0x00000000c16e8640,0x00000000c3f00000)
 Metaspace       used 8855K, capacity 9326K, committed 9600K, reserved 1058816K
  class space    used 978K, capacity 1105K, committed 1152K, reserved 1048576K
}
Event: 3.254 GC heap before
{Heap before GC invocations=3 (full 0):
 PSYoungGen      total 18944K, used 18912K [0x00000000eb180000, 0x00000000ec680000, 0x0000000100000000)
  eden space 16384K, 100% used [0x00000000eb180000,0x00000000ec180000,0x00000000ec180000)
  from space 2560K, 98% used [0x00000000ec400000,0x00000000ec678040,0x00000000ec680000)
  to   space 2560K, 0% used [0x00000000ec180000,0x00000000ec180000,0x00000000ec400000)
 ParOldGen       total 44032K, used 2977K [0x00000000c1400000, 0x00000000c3f00000, 0x00000000eb180000)
  object space 44032K, 6% used [0x00000000c1400000,0x00000000c16e8640,0x00000000c3f00000)
 Metaspace       used 9695K, capacity 10188K, committed 10496K, reserved 1058816K
  class space    used 1099K, capacity 1226K, committed 1280K, reserved 1048576K
Event: 3.261 GC heap after
Heap after GC invocations=3 (full 0):
 PSYoungGen      total 18944K, used 2544K [0x00000000eb180000, 0x00000000ed680000, 0x0000000100000000)
  eden space 16384K, 0% used [0x00000000eb180000,0x00000000eb180000,0x00000000ec180000)
  from space 2560K, 99% used [0x00000000ec180000,0x00000000ec3fc010,0x00000000ec400000)
  to   space 2560K, 0% used [0x00000000ed400000,0x00000000ed400000,0x00000000ed680000)
 ParOldGen       total 44032K, used 3551K [0x00000000c1400000, 0x00000000c3f00000, 0x00000000eb180000)
  object space 44032K, 8% used [0x00000000c1400000,0x00000000c1777f88,0x00000000c3f00000)
 Metaspace       used 9695K, capacity 10188K, committed 10496K, reserved 1058816K
  class space    used 1099K, capacity 1226K, committed 1280K, reserved 1048576K
}

Deoptimization events (10 events):
Event: 3.174 Thread 0x000000000259e000 Uncommon trap: reason=bimorphic action=maybe_recompile pc=0x0000000002a5a9f8 method=java.util.stream.AbstractPipeline.copyInto(Ljava/util/stream/Sink;Ljava/util/Spliterator;)V @ 20
Event: 3.174 Thread 0x000000000259e000 Uncommon trap: reason=bimorphic action=maybe_recompile pc=0x0000000002a5a9f8 method=java.util.stream.AbstractPipeline.copyInto(Ljava/util/stream/Sink;Ljava/util/Spliterator;)V @ 20
Event: 3.175 Thread 0x000000000259e000 Uncommon trap: reason=bimorphic action=maybe_recompile pc=0x0000000002a5a9f8 method=java.util.stream.AbstractPipeline.copyInto(Ljava/util/stream/Sink;Ljava/util/Spliterator;)V @ 20
Event: 3.176 Thread 0x000000000259e000 Uncommon trap: reason=bimorphic action=maybe_recompile pc=0x0000000002a25b38 method=java.util.stream.AbstractPipeline.copyInto(Ljava/util/stream/Sink;Ljava/util/Spliterator;)V @ 20
Event: 3.217 Thread 0x000000000259e000 Uncommon trap: reason=unstable_if action=reinterpret pc=0x0000000002a23a0c method=org.apache.tools.ant.PropertyHelper.lambda$static$1(Ljava/lang/String;Ljava/text/ParsePosition;Lorg/apache/tools/ant/property/ParseNextProperty;)Ljava/lang/String; @ 22
Event: 3.294 Thread 0x000000000259e000 Uncommon trap: reason=bimorphic action=maybe_recompile pc=0x00000000029f7134 method=java.util.Hashtable.get(Ljava/lang/Object;)Ljava/lang/Object; @ 6
Event: 3.296 Thread 0x000000000259e000 Uncommon trap: reason=bimorphic action=maybe_recompile pc=0x00000000029f7134 method=java.util.Hashtable.get(Ljava/lang/Object;)Ljava/lang/Object; @ 6
Event: 3.296 Thread 0x000000000259e000 Uncommon trap: reason=bimorphic action=maybe_recompile pc=0x00000000029f7134 method=java.util.Hashtable.get(Ljava/lang/Object;)Ljava/lang/Object; @ 6
Event: 3.297 Thread 0x000000000259e000 Uncommon trap: reason=bimorphic action=maybe_recompile pc=0x00000000029f7134 method=java.util.Hashtable.get(Ljava/lang/Object;)Ljava/lang/Object; @ 6
Event: 3.329 Thread 0x000000000259e000 Uncommon trap: reason=unstable_if action=reinterpret pc=0x0000000002a8da58 method=org.apache.tools.ant.PropertyHelper.lambda$static$1(Ljava/lang/String;Ljava/text/ParsePosition;Lorg/apache/tools/ant/property/ParseNextProperty;)Ljava/lang/String; @ 22

Internal exceptions (10 events):
Event: 0.517 Thread 0x000000000259e000 Exception <a 'java/security/PrivilegedActionException'> (0x00000000eb27b410) thrown at [C:\re\workspace\8-2-build-windows-amd64-cygwin\jdk8u111\7883\hotspot\src\share\vm\prims\jvm.cpp, line 1386]
Event: 0.517 Thread 0x000000000259e000 Exception <a 'java/security/PrivilegedActionException'> (0x00000000eb27b620) thrown at [C:\re\workspace\8-2-build-windows-amd64-cygwin\jdk8u111\7883\hotspot\src\share\vm\prims\jvm.cpp, line 1386]
Event: 0.769 Thread 0x000000000259e000 Exception <a 'java/lang/NoSuchFieldError': method resolution failed> (0x00000000eb34c6c0) thrown at [C:\re\workspace\8-2-build-windows-amd64-cygwin\jdk8u111\7883\hotspot\src\share\vm\prims\methodHandles.cpp, line 1146]
Event: 0.771 Thread 0x000000000259e000 Exception <a 'java/lang/NoSuchFieldError': method resolution failed> (0x00000000eb359a90) thrown at [C:\re\workspace\8-2-build-windows-amd64-cygwin\jdk8u111\7883\hotspot\src\share\vm\prims\methodHandles.cpp, line 1146]
Event: 1.631 Thread 0x000000000259e000 Exception <a 'java/lang/IncompatibleClassChangeError': Found class java.lang.Object, but interface was expected> (0x00000000ebbd6cf0) thrown at [C:\re\workspace\8-2-build-windows-amd64-cygwin\jdk8u111\7883\hotspot\src\share\vm\interpreter\linkResolver.cpp
Event: 2.017 Thread 0x000000000259e000 Exception <a 'java/lang/NoSuchMethodError': java.lang.Object.lambda$andThen$1(Ljava/util/function/Function;Ljava/lang/Object;)Ljava/lang/Object;> (0x00000000ebf0bb40) thrown at [C:\re\workspace\8-2-build-windows-amd64-cygwin\jdk8u111\7883\hotspot\src\shar
Event: 2.554 Thread 0x000000000259e000 Exception <a 'java/lang/NoSuchMethodError': java.lang.Object.lambda$identity$2(Ljava/lang/Object;)Ljava/lang/Object;> (0x00000000eb8011d8) thrown at [C:\re\workspace\8-2-build-windows-amd64-cygwin\jdk8u111\7883\hotspot\src\share\vm\interpreter\linkResolve
Event: 2.556 Thread 0x000000000259e000 Exception <a 'java/lang/IncompatibleClassChangeError': Found class java.lang.Object, but interface was expected> (0x00000000eb806128) thrown at [C:\re\workspace\8-2-build-windows-amd64-cygwin\jdk8u111\7883\hotspot\src\share\vm\interpreter\linkResolver.cpp
Event: 2.899 Thread 0x000000000259e000 Exception <a 'java/lang/ClassNotFoundException': org/apache/tools/ant/helper/DefaultExecutor> (0x00000000ebeefd28) thrown at [C:\re\workspace\8-2-build-windows-amd64-cygwin\jdk8u111\7883\hotspot\src\share\vm\classfile\systemDictionary.cpp, line 210]
Event: 3.131 Thread 0x000000000259e000 Exception <a 'java/lang/NoSuchMethodError': java.lang.Object.lambda$isEqual$3(Ljava/lang/Object;Ljava/lang/Object;)Z> (0x00000000ebd0a480) thrown at [C:\re\workspace\8-2-build-windows-amd64-cygwin\jdk8u111\7883\hotspot\src\share\vm\interpreter\linkResolve

Events (10 events):
Event: 3.619 loading class java/lang/ApplicationShutdownHooks
Event: 3.619 loading class java/lang/ApplicationShutdownHooks done
Event: 3.619 loading class java/lang/ApplicationShutdownHooks$1
Event: 3.619 loading class java/lang/ApplicationShutdownHooks$1 done
Event: 3.619 loading class java/lang/Shutdown
Event: 3.619 loading class java/lang/Shutdown done
Event: 3.619 loading class java/lang/Shutdown$Lock
Event: 3.619 loading class java/lang/Shutdown$Lock done
Event: 3.619 loading class java/util/IdentityHashMap
Event: 3.626 loading class java/util/IdentityHashMap done


Dynamic libraries:
0x00007ff7e3f60000 - 0x00007ff7e3f97000 	C:\Program Files\Java\jdk1.8.0_111\bin\java.exe
0x00007fff5efb0000 - 0x00007fff5f1a5000 	C:\WINDOWS\SYSTEM32\ntdll.dll
0x00007fff5d070000 - 0x00007fff5d12d000 	C:\WINDOWS\System32\KERNEL32.DLL
0x00007fff5cd40000 - 0x00007fff5d008000 	C:\WINDOWS\System32\KERNELBASE.dll
0x00007fff5ec50000 - 0x00007fff5ecfc000 	C:\WINDOWS\System32\ADVAPI32.dll
0x00007fff5dbc0000 - 0x00007fff5dc5e000 	C:\WINDOWS\System32\msvcrt.dll
0x00007fff5d1d0000 - 0x00007fff5d26b000 	C:\WINDOWS\System32\sechost.dll
0x00007fff5d620000 - 0x00007fff5d74b000 	C:\WINDOWS\System32\RPCRT4.dll
0x00007fff5ed00000 - 0x00007fff5eea0000 	C:\WINDOWS\System32\USER32.dll
0x00007fff5c870000 - 0x00007fff5c892000 	C:\WINDOWS\System32\win32u.dll
0x00007fff5e240000 - 0x00007fff5e26a000 	C:\WINDOWS\System32\GDI32.dll
0x00007fff5c8f0000 - 0x00007fff5c9fb000 	C:\WINDOWS\System32\gdi32full.dll
0x00007fff5cbf0000 - 0x00007fff5cc8d000 	C:\WINDOWS\System32\msvcp_win.dll
0x00007fff5c6f0000 - 0x00007fff5c7f0000 	C:\WINDOWS\System32\ucrtbase.dll
0x00007fff545c0000 - 0x00007fff5485a000 	C:\WINDOWS\WinSxS\amd64_microsoft.windows.common-controls_6595b64144ccf1df_6.0.19041.844_none_ca00b6081b84eb1d\COMCTL32.dll
0x00007fff5d5d0000 - 0x00007fff5d600000 	C:\WINDOWS\System32\IMM32.DLL
0x0000000052370000 - 0x0000000052442000 	C:\Program Files\Java\jdk1.8.0_111\jre\bin\msvcr100.dll
0x0000000051a40000 - 0x00000000522da000 	C:\Program Files\Java\jdk1.8.0_111\jre\bin\server\jvm.dll
0x00007fff5d270000 - 0x00007fff5d278000 	C:\WINDOWS\System32\PSAPI.DLL
0x00007fff52290000 - 0x00007fff5229a000 	C:\WINDOWS\SYSTEM32\VERSION.dll
0x00007fff4e8d0000 - 0x00007fff4e8f7000 	C:\WINDOWS\SYSTEM32\WINMM.dll
0x00007fff46870000 - 0x00007fff46879000 	C:\WINDOWS\SYSTEM32\WSOCK32.dll
0x00007fff5dfc0000 - 0x00007fff5e02b000 	C:\WINDOWS\System32\WS2_32.dll
0x0000000053440000 - 0x000000005344f000 	C:\Program Files\Java\jdk1.8.0_111\jre\bin\verify.dll
0x0000000051a10000 - 0x0000000051a39000 	C:\Program Files\Java\jdk1.8.0_111\jre\bin\java.dll
0x00000000519f0000 - 0x0000000051a06000 	C:\Program Files\Java\jdk1.8.0_111\jre\bin\zip.dll
0x00007fff5e4a0000 - 0x00007fff5ebe2000 	C:\WINDOWS\System32\SHELL32.dll
0x00007fff5a480000 - 0x00007fff5ac10000 	C:\WINDOWS\SYSTEM32\windows.storage.dll
0x00007fff5dc60000 - 0x00007fff5dfb5000 	C:\WINDOWS\System32\combase.dll
0x00007fff5c090000 - 0x00007fff5c0bc000 	C:\WINDOWS\SYSTEM32\Wldp.dll
0x00007fff5e270000 - 0x00007fff5e31e000 	C:\WINDOWS\System32\SHCORE.dll
0x00007fff5ebf0000 - 0x00007fff5ec45000 	C:\WINDOWS\System32\shlwapi.dll
0x00007fff5c630000 - 0x00007fff5c64f000 	C:\WINDOWS\SYSTEM32\profapi.dll
0x00000000519d0000 - 0x00000000519ea000 	C:\Program Files\Java\jdk1.8.0_111\jre\bin\net.dll
0x00007fff5be00000 - 0x00007fff5be6a000 	C:\WINDOWS\system32\mswsock.dll
0x00000000519b0000 - 0x00000000519c1000 	C:\Program Files\Java\jdk1.8.0_111\jre\bin\nio.dll

VM Arguments:
jvm_args: -Dant.home=C:\Program Files\NetBeans-12.3\netbeans\extide\ant\bin\.. 
java_command: org.apache.tools.ant.launch.Launcher -f C:\Users\gusta\Documents\NetBeansProjects\AgendaPSQL\build.xml -Dant.rerun 1 jfxsa-run-no-another-jvm
java_class_path (initial): C:\Program Files\NetBeans-12.3\netbeans\extide\ant\bin\..\lib\ant-launcher.jar
Launcher Type: SUN_STANDARD

Environment Variables:
JAVA_HOME=C:\Program Files\Java\jdk-16;C:\Program Files\Java\jdk-16\bin;
PATH=C:\Program Files\Common Files\Oracle\Java\javapath;C:\Program Files (x86)\Common Files\Oracle\Java\javapath;C:\ProgramData\Oracle\Java\javapath;C:\Program Files (x86)\Intel\Intel(R) Management Engine Components\iCLS\;C:\Program Files\Intel\Intel(R) Management Engine Components\iCLS\;C:\WINDOWS\system32;C:\WINDOWS;C:\WINDOWS\System32\Wbem;C:\WINDOWS\System32\WindowsPowerShell\v1.0\;C:\WINDOWS\System32\OpenSSH\;C:\Program Files (x86)\Intel\Intel(R) Management Engine Components\DAL;C:\Program Files\Intel\Intel(R) Management Engine Components\DAL;C:\Program Files\nodejs\;C:\ProgramData\chocolatey\bin;C:\Program Files\OpenJDK\openjdk-8u262-b10\bin;C:\Program Files\Git\cmd;C:\Users\gusta\AppData\Local\Programs\Python\Python38\Scripts\;C:\Users\gusta\AppData\Local\Programs\Python\Python38\;C:\Users\gusta\AppData\Local\Microsoft\WindowsApps;C:\Users\gusta\AppData\Local\Programs\Microsoft VS Code\bin;C:\Program Files\JetBrains\PyCharm Community Edition 2019.3.2\bin;;C:\Users\gusta\AppData\Roaming\npm;C:\Program Files\Java\jdk-16;C:\Program Files\Java\jdk-16\bin;;C:\Program Files\Java\jdk-16\bin\server;C:\Program Files\MySQL\MySQL Server 8.0\bin;C:\Program Files\MongoDB\Server\4.4\bin;
USERNAME=gusta
OS=Windows_NT
PROCESSOR_IDENTIFIER=Intel64 Family 6 Model 142 Stepping 10, GenuineIntel



---------------  S Y S T E M  ---------------

OS: Windows 10.0 , 64 bit Build 19041 (10.0.19041.928)

CPU:total 4 (2 cores per cpu, 2 threads per core) family 6 model 142 stepping 10, cmov, cx8, fxsr, mmx, sse, sse2, sse3, ssse3, sse4.1, sse4.2, popcnt, avx, avx2, aes, clmul, erms, 3dnowpref, lzcnt, ht, tsc, tscinvbit, bmi1, bmi2, adx

Memory: 4k page, physical 4107072k(280624k free), swap 16689984k(5148k free)

vm_info: Java HotSpot(TM) 64-Bit Server VM (25.111-b14) for windows-amd64 JRE (1.8.0_111-b14), built on Sep 22 2016 19:24:05 by "java_re" with MS VC++ 10.0 (VS2010)

time: Thu Jun 03 22:53:20 2021
elapsed time: 3 seconds (0d 0h 0m 3s)

