#
# There is insufficient memory for the Java Runtime Environment to continue.
# Native memory allocation (malloc) failed to allocate 1048576 bytes for AllocateHeap
# Possible reasons:
#   The system is out of physical RAM or swap space
#   In 32 bit mode, the process size limit was hit
# Possible solutions:
#   Reduce memory load on the system
#   Increase physical memory or swap space
#   Check if swap backing store is full
#   Use 64 bit Java on a 64 bit OS
#   Decrease Java heap size (-Xmx/-Xms)
#   Decrease number of Java threads
#   Decrease Java thread stack sizes (-Xss)
#   Set larger code cache with -XX:ReservedCodeCacheSize=
# This output file may be truncated or incomplete.
#
#  Out of Memory Error (memory/allocation.inline.hpp:61), pid=18896, tid=0x0000000000004f40
#
# JRE version:  (8.0_111-b14) (build )
# Java VM: Java HotSpot(TM) 64-Bit Server VM (25.111-b14 mixed mode windows-amd64 compressed oops)
# Failed to write core dump. Minidumps are not enabled by default on client versions of Windows
#

---------------  T H R E A D  ---------------

Current thread (0x000000000313e000):  JavaThread "Unknown thread" [_thread_in_vm, id=20288, stack(0x0000000003140000,0x0000000003240000)]

Stack: [0x0000000003140000,0x0000000003240000]
[error occurred during error reporting (printing stack bounds), id 0xc0000005]

Native frames: (J=compiled Java code, j=interpreted, Vv=VM code, C=native code)


---------------  P R O C E S S  ---------------

Java Threads: ( => current thread )

Other Threads:

=>0x000000000313e000 (exited) JavaThread "Unknown thread" [_thread_in_vm, id=20288, stack(0x0000000003140000,0x0000000003240000)]

VM state:not at safepoint (normal execution)

VM Mutex/Monitor currently owned by a thread: None

Heap:
 PSYoungGen      total 18944K, used 327K [0x00000000eb180000, 0x00000000ec680000, 0x0000000100000000)
  eden space 16384K, 2% used [0x00000000eb180000,0x00000000eb1d1ec8,0x00000000ec180000)
  from space 2560K, 0% used [0x00000000ec400000,0x00000000ec400000,0x00000000ec680000)
  to   space 2560K, 0% used [0x00000000ec180000,0x00000000ec180000,0x00000000ec400000)
 ParOldGen       total 44032K, used 0K [0x00000000c1400000, 0x00000000c3f00000, 0x00000000eb180000)
  object space 44032K, 0% used [0x00000000c1400000,0x00000000c1400000,0x00000000c3f00000)
 Metaspace       used 770K, capacity 4480K, committed 4480K, reserved 1056768K
  class space    used 75K, capacity 384K, committed 384K, reserved 1048576K

Card table byte_map: [0x0000000012700000,0x0000000012900000] byte_map_base: 0x00000000120f6000

Marking Bits: (ParMarkBitMap*) 0x000000005225a6c0
 Begin Bits: [0x0000000012e50000, 0x0000000013e00000)
 End Bits:   [0x0000000013e00000, 0x0000000014db0000)

Polling page: 0x0000000003070000

CodeCache: size=245760Kb used=328Kb max_used=328Kb free=245431Kb
 bounds [0x0000000003340000, 0x00000000035b0000, 0x0000000012340000]
 total_blobs=58 nmethods=0 adapters=38
 compilation: enabled

Compilation events (0 events):
No events

GC Heap History (0 events):
No events

Deoptimization events (0 events):
No events

Internal exceptions (0 events):
No events

Events (10 events):
Event: 0.034 loading class java/lang/Short
Event: 0.034 loading class java/lang/Short done
Event: 0.034 loading class java/lang/Integer
Event: 0.034 loading class java/lang/Integer done
Event: 0.034 loading class java/lang/Long
Event: 0.034 loading class java/lang/Long done
Event: 0.035 loading class java/lang/NullPointerException
Event: 0.035 loading class java/lang/NullPointerException done
Event: 0.035 loading class java/lang/ArithmeticException
Event: 0.035 loading class java/lang/ArithmeticException done


Dynamic libraries:
0x00007ff7e3f60000 - 0x00007ff7e3f97000 	C:\Program Files\Java\jdk1.8.0_111\bin\java.exe
0x00007fff5efb0000 - 0x00007fff5f1a5000 	C:\WINDOWS\SYSTEM32\ntdll.dll
0x00007fff5d070000 - 0x00007fff5d12d000 	C:\WINDOWS\System32\KERNEL32.DLL
0x00007fff5cd40000 - 0x00007fff5d008000 	C:\WINDOWS\System32\KERNELBASE.dll
0x00007fff5ec50000 - 0x00007fff5ecfc000 	C:\WINDOWS\System32\ADVAPI32.dll
0x00007fff5dbc0000 - 0x00007fff5dc5e000 	C:\WINDOWS\System32\msvcrt.dll
0x00007fff5d1d0000 - 0x00007fff5d26b000 	C:\WINDOWS\System32\sechost.dll
0x00007fff5d620000 - 0x00007fff5d74b000 	C:\WINDOWS\System32\RPCRT4.dll
0x00007fff5ed00000 - 0x00007fff5eea0000 	C:\WINDOWS\System32\USER32.dll
0x00007fff5c870000 - 0x00007fff5c892000 	C:\WINDOWS\System32\win32u.dll
0x00007fff5e240000 - 0x00007fff5e26a000 	C:\WINDOWS\System32\GDI32.dll
0x00007fff5c8f0000 - 0x00007fff5c9fb000 	C:\WINDOWS\System32\gdi32full.dll
0x00007fff5cbf0000 - 0x00007fff5cc8d000 	C:\WINDOWS\System32\msvcp_win.dll
0x00007fff5c6f0000 - 0x00007fff5c7f0000 	C:\WINDOWS\System32\ucrtbase.dll
0x00007fff545c0000 - 0x00007fff5485a000 	C:\WINDOWS\WinSxS\amd64_microsoft.windows.common-controls_6595b64144ccf1df_6.0.19041.844_none_ca00b6081b84eb1d\COMCTL32.dll
0x00007fff5d5d0000 - 0x00007fff5d600000 	C:\WINDOWS\System32\IMM32.DLL
0x0000000052370000 - 0x0000000052442000 	C:\Program Files\Java\jdk1.8.0_111\jre\bin\msvcr100.dll
0x0000000051a40000 - 0x00000000522da000 	C:\Program Files\Java\jdk1.8.0_111\jre\bin\server\jvm.dll
0x00007fff5d270000 - 0x00007fff5d278000 	C:\WINDOWS\System32\PSAPI.DLL
0x00007fff4e8d0000 - 0x00007fff4e8f7000 	C:\WINDOWS\SYSTEM32\WINMM.dll
0x00007fff46870000 - 0x00007fff46879000 	C:\WINDOWS\SYSTEM32\WSOCK32.dll
0x00007fff5dfc0000 - 0x00007fff5e02b000 	C:\WINDOWS\System32\WS2_32.dll
0x00007fff52290000 - 0x00007fff5229a000 	C:\WINDOWS\SYSTEM32\VERSION.dll
0x0000000053440000 - 0x000000005344f000 	C:\Program Files\Java\jdk1.8.0_111\jre\bin\verify.dll
0x0000000051a10000 - 0x0000000051a39000 	C:\Program Files\Java\jdk1.8.0_111\jre\bin\java.dll
0x00000000519f0000 - 0x0000000051a06000 	C:\Program Files\Java\jdk1.8.0_111\jre\bin\zip.dll

VM Arguments:
jvm_args: -Dant.home=C:\Program Files\NetBeans-12.3\netbeans\extide\ant\bin\.. 
java_command: org.apache.tools.ant.launch.Launcher -f C:\Users\gusta\Documents\NetBeansProjects\AgendaPSQL\build.xml -Dant.rerun 1 jfxsa-run-no-another-jvm
java_class_path (initial): C:\Program Files\NetBeans-12.3\netbeans\extide\ant\bin\..\lib\ant-launcher.jar
Launcher Type: SUN_STANDARD

Environment Variables:
JAVA_HOME=C:\Program Files\Java\jdk-16;C:\Program Files\Java\jdk-16\bin;
PATH=C:\Program Files\Common Files\Oracle\Java\javapath;C:\Program Files (x86)\Common Files\Oracle\Java\javapath;C:\ProgramData\Oracle\Java\javapath;C:\Program Files (x86)\Intel\Intel(R) Management Engine Components\iCLS\;C:\Program Files\Intel\Intel(R) Management Engine Components\iCLS\;C:\WINDOWS\system32;C:\WINDOWS;C:\WINDOWS\System32\Wbem;C:\WINDOWS\System32\WindowsPowerShell\v1.0\;C:\WINDOWS\System32\OpenSSH\;C:\Program Files (x86)\Intel\Intel(R) Management Engine Components\DAL;C:\Program Files\Intel\Intel(R) Management Engine Components\DAL;C:\Program Files\nodejs\;C:\ProgramData\chocolatey\bin;C:\Program Files\OpenJDK\openjdk-8u262-b10\bin;C:\Program Files\Git\cmd;C:\Users\gusta\AppData\Local\Programs\Python\Python38\Scripts\;C:\Users\gusta\AppData\Local\Programs\Python\Python38\;C:\Users\gusta\AppData\Local\Microsoft\WindowsApps;C:\Users\gusta\AppData\Local\Programs\Microsoft VS Code\bin;C:\Program Files\JetBrains\PyCharm Community Edition 2019.3.2\bin;;C:\Users\gusta\AppData\Roaming\npm;C:\Program Files\Java\jdk-16;C:\Program Files\Java\jdk-16\bin;;C:\Program Files\Java\jdk-16\bin\server;C:\Program Files\MySQL\MySQL Server 8.0\bin;C:\Program Files\MongoDB\Server\4.4\bin;
USERNAME=gusta
OS=Windows_NT
PROCESSOR_IDENTIFIER=Intel64 Family 6 Model 142 Stepping 10, GenuineIntel



---------------  S Y S T E M  ---------------

OS: Windows 10.0 , 64 bit Build 19041 (10.0.19041.928)

CPU:total 4 (2 cores per cpu, 2 threads per core) family 6 model 142 stepping 10, cmov, cx8, fxsr, mmx, sse, sse2, sse3, ssse3, sse4.1, sse4.2, popcnt, avx, avx2, aes, clmul, erms, 3dnowpref, lzcnt, ht, tsc, tscinvbit, bmi1, bmi2, adx

Memory: 4k page, physical 4107072k(337748k free), swap 16689984k(5636k free)

vm_info: Java HotSpot(TM) 64-Bit Server VM (25.111-b14) for windows-amd64 JRE (1.8.0_111-b14), built on Sep 22 2016 19:24:05 by "java_re" with MS VC++ 10.0 (VS2010)

time: Thu Jun 03 23:08:06 2021
elapsed time: 0 seconds (0d 0h 0m 0s)

