#
# There is insufficient memory for the Java Runtime Environment to continue.
# Native memory allocation (malloc) failed to allocate 676016 bytes for Chunk::new
# Possible reasons:
#   The system is out of physical RAM or swap space
#   In 32 bit mode, the process size limit was hit
# Possible solutions:
#   Reduce memory load on the system
#   Increase physical memory or swap space
#   Check if swap backing store is full
#   Use 64 bit Java on a 64 bit OS
#   Decrease Java heap size (-Xmx/-Xms)
#   Decrease number of Java threads
#   Decrease Java thread stack sizes (-Xss)
#   Set larger code cache with -XX:ReservedCodeCacheSize=
# This output file may be truncated or incomplete.
#
#  Out of Memory Error (allocation.cpp:390), pid=19780, tid=0x0000000000001484
#
# JRE version: Java(TM) SE Runtime Environment (8.0_111-b14) (build 1.8.0_111-b14)
# Java VM: Java HotSpot(TM) 64-Bit Server VM (25.111-b14 mixed mode windows-amd64 compressed oops)
# Failed to write core dump. Minidumps are not enabled by default on client versions of Windows
#

---------------  T H R E A D  ---------------

Current thread (0x0000000015001000):  JavaThread "C2 CompilerThread0" daemon [_thread_in_native, id=5252, stack(0x0000000016670000,0x0000000016770000)]

Stack: [0x0000000016670000,0x0000000016770000]
[error occurred during error reporting (printing stack bounds), id 0xc0000005]

Native frames: (J=compiled Java code, j=interpreted, Vv=VM code, C=native code)


Current CompileTask:
C2:   3471 1533   !   4       sun.misc.URLClassPath$JarLoader::getResource (349 bytes)


---------------  P R O C E S S  ---------------

Java Threads: ( => current thread )
  0x0000000017b72800 JavaThread "Thread-1" daemon [_thread_blocked, id=17024, stack(0x0000000018ba0000,0x0000000018ca0000)]
  0x0000000017a91800 JavaThread "Thread-0" daemon [_thread_blocked, id=19156, stack(0x0000000018aa0000,0x0000000018ba0000)]
  0x000000001505d800 JavaThread "Service Thread" daemon [_thread_blocked, id=14512, stack(0x0000000016d70000,0x0000000016e70000)]
  0x000000001500a800 JavaThread "C1 CompilerThread2" daemon [_thread_blocked, id=18480, stack(0x0000000016870000,0x0000000016970000)]
  0x0000000015006800 JavaThread "C2 CompilerThread1" daemon [_thread_blocked, id=19464, stack(0x0000000016770000,0x0000000016870000)]
=>0x0000000015001000 JavaThread "C2 CompilerThread0" daemon [_thread_in_native, id=5252, stack(0x0000000016670000,0x0000000016770000)]
  0x0000000014ffc800 JavaThread "Attach Listener" daemon [_thread_blocked, id=12580, stack(0x0000000016570000,0x0000000016670000)]
  0x0000000014ffb000 JavaThread "Signal Dispatcher" daemon [_thread_blocked, id=8620, stack(0x0000000016470000,0x0000000016570000)]
  0x0000000014fea800 JavaThread "Finalizer" daemon [_thread_blocked, id=9460, stack(0x0000000016260000,0x0000000016360000)]
  0x0000000014fc9000 JavaThread "Reference Handler" daemon [_thread_blocked, id=6404, stack(0x0000000016160000,0x0000000016260000)]
  0x00000000028ee000 JavaThread "main" [_thread_in_native, id=10912, stack(0x00000000026f0000,0x00000000027f0000)]

Other Threads:
  0x0000000014fc7800 VMThread [stack: 0x0000000016060000,0x0000000016160000] [id=17376]
  0x00000000169b4000 WatcherThread [stack: 0x0000000016fd0000,0x00000000170d0000] [id=17756]

VM state:not at safepoint (normal execution)

VM Mutex/Monitor currently owned by a thread: None

Heap:
 PSYoungGen      total 18944K, used 8373K [0x00000000eb180000, 0x00000000ec680000, 0x0000000100000000)
  eden space 16384K, 35% used [0x00000000eb180000,0x00000000eb731708,0x00000000ec180000)
  from space 2560K, 99% used [0x00000000ec180000,0x00000000ec3fc010,0x00000000ec400000)
  to   space 2560K, 0% used [0x00000000ec400000,0x00000000ec400000,0x00000000ec680000)
 ParOldGen       total 44032K, used 3566K [0x00000000c1400000, 0x00000000c3f00000, 0x00000000eb180000)
  object space 44032K, 8% used [0x00000000c1400000,0x00000000c177baa0,0x00000000c3f00000)
 Metaspace       used 10109K, capacity 10666K, committed 10752K, reserved 1058816K
  class space    used 1142K, capacity 1271K, committed 1280K, reserved 1048576K

Card table byte_map: [0x0000000011db0000,0x0000000011fb0000] byte_map_base: 0x00000000117a6000

Marking Bits: (ParMarkBitMap*) 0x000000005225a6c0
 Begin Bits: [0x0000000012500000, 0x00000000134b0000)
 End Bits:   [0x00000000134b0000, 0x0000000014460000)

Polling page: 0x0000000000e70000

CodeCache: size=245760Kb used=5399Kb max_used=5410Kb free=240360Kb
 bounds [0x00000000029f0000, 0x0000000002f40000, 0x00000000119f0000]
 total_blobs=1881 nmethods=1542 adapters=251
 compilation: enabled

Compilation events (10 events):
Event: 3.327 Thread 0x000000001500a800 nmethod 1545 0x0000000002f275d0 code [0x0000000002f27720, 0x0000000002f278d0]
Event: 3.343 Thread 0x0000000015006800 nmethod 1535 0x0000000002f38f10 code [0x0000000002f39120, 0x0000000002f3a598]
Event: 3.343 Thread 0x0000000015006800 1536       4       java.util.HashMap::resize (359 bytes)
Event: 3.353 Thread 0x0000000015006800 nmethod 1536 0x0000000002f37850 code [0x0000000002f379e0, 0x0000000002f37f58]
Event: 3.353 Thread 0x0000000015006800 1541       4       java.util.HashMap::put (13 bytes)
Event: 3.354 Thread 0x0000000015006800 nmethod 1541 0x0000000002f38b90 code [0x0000000002f38ce0, 0x0000000002f38e08]
Event: 3.354 Thread 0x0000000015006800 1539       4       java.lang.Object::equals (11 bytes)
Event: 3.355 Thread 0x0000000015006800 nmethod 1539 0x0000000002eba990 code [0x0000000002ebaac0, 0x0000000002ebab38]
Event: 3.381 Thread 0x000000001500a800 1546       3       java.util.zip.ZipFile$ZipFileInflaterInputStream::fill (80 bytes)
Event: 3.382 Thread 0x000000001500a800 nmethod 1546 0x0000000002f38410 code [0x0000000002f385a0, 0x0000000002f389a8]

GC Heap History (6 events):
Event: 2.461 GC heap before
{Heap before GC invocations=1 (full 0):
 PSYoungGen      total 18944K, used 16384K [0x00000000eb180000, 0x00000000ec680000, 0x0000000100000000)
  eden space 16384K, 100% used [0x00000000eb180000,0x00000000ec180000,0x00000000ec180000)
  from space 2560K, 0% used [0x00000000ec400000,0x00000000ec400000,0x00000000ec680000)
  to   space 2560K, 0% used [0x00000000ec180000,0x00000000ec180000,0x00000000ec400000)
 ParOldGen       total 44032K, used 0K [0x00000000c1400000, 0x00000000c3f00000, 0x00000000eb180000)
  object space 44032K, 0% used [0x00000000c1400000,0x00000000c1400000,0x00000000c3f00000)
 Metaspace       used 7682K, capacity 7934K, committed 8192K, reserved 1056768K
  class space    used 856K, capacity 942K, committed 1024K, reserved 1048576K
Event: 2.469 GC heap after
Heap after GC invocations=1 (full 0):
 PSYoungGen      total 18944K, used 2534K [0x00000000eb180000, 0x00000000ec680000, 0x0000000100000000)
  eden space 16384K, 0% used [0x00000000eb180000,0x00000000eb180000,0x00000000ec180000)
  from space 2560K, 99% used [0x00000000ec180000,0x00000000ec3f9a10,0x00000000ec400000)
  to   space 2560K, 0% used [0x00000000ec400000,0x00000000ec400000,0x00000000ec680000)
 ParOldGen       total 44032K, used 397K [0x00000000c1400000, 0x00000000c3f00000, 0x00000000eb180000)
  object space 44032K, 0% used [0x00000000c1400000,0x00000000c1463518,0x00000000c3f00000)
 Metaspace       used 7682K, capacity 7934K, committed 8192K, reserved 1056768K
  class space    used 856K, capacity 942K, committed 1024K, reserved 1048576K
}
Event: 2.941 GC heap before
{Heap before GC invocations=2 (full 0):
 PSYoungGen      total 18944K, used 18918K [0x00000000eb180000, 0x00000000ec680000, 0x0000000100000000)
  eden space 16384K, 100% used [0x00000000eb180000,0x00000000ec180000,0x00000000ec180000)
  from space 2560K, 99% used [0x00000000ec180000,0x00000000ec3f9a10,0x00000000ec400000)
  to   space 2560K, 0% used [0x00000000ec400000,0x00000000ec400000,0x00000000ec680000)
 ParOldGen       total 44032K, used 397K [0x00000000c1400000, 0x00000000c3f00000, 0x00000000eb180000)
  object space 44032K, 0% used [0x00000000c1400000,0x00000000c1463518,0x00000000c3f00000)
 Metaspace       used 8863K, capacity 9322K, committed 9600K, reserved 1058816K
  class space    used 978K, capacity 1105K, committed 1152K, reserved 1048576K
Event: 2.955 GC heap after
Heap after GC invocations=2 (full 0):
 PSYoungGen      total 18944K, used 2549K [0x00000000eb180000, 0x00000000ec680000, 0x0000000100000000)
  eden space 16384K, 0% used [0x00000000eb180000,0x00000000eb180000,0x00000000ec180000)
  from space 2560K, 99% used [0x00000000ec400000,0x00000000ec67d420,0x00000000ec680000)
  to   space 2560K, 0% used [0x00000000ec180000,0x00000000ec180000,0x00000000ec400000)
 ParOldGen       total 44032K, used 2984K [0x00000000c1400000, 0x00000000c3f00000, 0x00000000eb180000)
  object space 44032K, 6% used [0x00000000c1400000,0x00000000c16ea050,0x00000000c3f00000)
 Metaspace       used 8863K, capacity 9322K, committed 9600K, reserved 1058816K
  class space    used 978K, capacity 1105K, committed 1152K, reserved 1048576K
}
Event: 3.203 GC heap before
{Heap before GC invocations=3 (full 0):
 PSYoungGen      total 18944K, used 18933K [0x00000000eb180000, 0x00000000ec680000, 0x0000000100000000)
  eden space 16384K, 100% used [0x00000000eb180000,0x00000000ec180000,0x00000000ec180000)
  from space 2560K, 99% used [0x00000000ec400000,0x00000000ec67d420,0x00000000ec680000)
  to   space 2560K, 0% used [0x00000000ec180000,0x00000000ec180000,0x00000000ec400000)
 ParOldGen       total 44032K, used 2984K [0x00000000c1400000, 0x00000000c3f00000, 0x00000000eb180000)
  object space 44032K, 6% used [0x00000000c1400000,0x00000000c16ea050,0x00000000c3f00000)
 Metaspace       used 9707K, capacity 10254K, committed 10496K, reserved 1058816K
  class space    used 1100K, capacity 1227K, committed 1280K, reserved 1048576K
Event: 3.211 GC heap after
Heap after GC invocations=3 (full 0):
 PSYoungGen      total 18944K, used 2544K [0x00000000eb180000, 0x00000000ec680000, 0x0000000100000000)
  eden space 16384K, 0% used [0x00000000eb180000,0x00000000eb180000,0x00000000ec180000)
  from space 2560K, 99% used [0x00000000ec180000,0x00000000ec3fc010,0x00000000ec400000)
  to   space 2560K, 0% used [0x00000000ec400000,0x00000000ec400000,0x00000000ec680000)
 ParOldGen       total 44032K, used 3566K [0x00000000c1400000, 0x00000000c3f00000, 0x00000000eb180000)
  object space 44032K, 8% used [0x00000000c1400000,0x00000000c177baa0,0x00000000c3f00000)
 Metaspace       used 9707K, capacity 10254K, committed 10496K, reserved 1058816K
  class space    used 1100K, capacity 1227K, committed 1280K, reserved 1048576K
}

Deoptimization events (10 events):
Event: 3.121 Thread 0x00000000028ee000 Uncommon trap: reason=bimorphic action=maybe_recompile pc=0x0000000002e9cef8 method=java.util.stream.AbstractPipeline.copyInto(Ljava/util/stream/Sink;Ljava/util/Spliterator;)V @ 20
Event: 3.121 Thread 0x00000000028ee000 Uncommon trap: reason=bimorphic action=maybe_recompile pc=0x0000000002e9cef8 method=java.util.stream.AbstractPipeline.copyInto(Ljava/util/stream/Sink;Ljava/util/Spliterator;)V @ 20
Event: 3.123 Thread 0x00000000028ee000 Uncommon trap: reason=bimorphic action=maybe_recompile pc=0x0000000002e9cef8 method=java.util.stream.AbstractPipeline.copyInto(Ljava/util/stream/Sink;Ljava/util/Spliterator;)V @ 20
Event: 3.124 Thread 0x00000000028ee000 Uncommon trap: reason=bimorphic action=maybe_recompile pc=0x0000000002e75c78 method=java.util.stream.AbstractPipeline.copyInto(Ljava/util/stream/Sink;Ljava/util/Spliterator;)V @ 20
Event: 3.156 Thread 0x00000000028ee000 Uncommon trap: reason=unstable_if action=reinterpret pc=0x0000000002e6930c method=org.apache.tools.ant.PropertyHelper.lambda$static$1(Ljava/lang/String;Ljava/text/ParsePosition;Lorg/apache/tools/ant/property/ParseNextProperty;)Ljava/lang/String; @ 22
Event: 3.237 Thread 0x00000000028ee000 Uncommon trap: reason=bimorphic action=maybe_recompile pc=0x0000000002ecf41c method=java.util.Hashtable.get(Ljava/lang/Object;)Ljava/lang/Object; @ 6
Event: 3.238 Thread 0x00000000028ee000 Uncommon trap: reason=bimorphic action=maybe_recompile pc=0x0000000002ecf41c method=java.util.Hashtable.get(Ljava/lang/Object;)Ljava/lang/Object; @ 6
Event: 3.238 Thread 0x00000000028ee000 Uncommon trap: reason=bimorphic action=maybe_recompile pc=0x0000000002ecf41c method=java.util.Hashtable.get(Ljava/lang/Object;)Ljava/lang/Object; @ 6
Event: 3.241 Thread 0x00000000028ee000 Uncommon trap: reason=bimorphic action=maybe_recompile pc=0x0000000002ecf41c method=java.util.Hashtable.get(Ljava/lang/Object;)Ljava/lang/Object; @ 6
Event: 3.260 Thread 0x00000000028ee000 Uncommon trap: reason=unstable_if action=reinterpret pc=0x0000000002ed0d60 method=org.apache.tools.ant.PropertyHelper.lambda$static$1(Ljava/lang/String;Ljava/text/ParsePosition;Lorg/apache/tools/ant/property/ParseNextProperty;)Ljava/lang/String; @ 22

Internal exceptions (10 events):
Event: 0.513 Thread 0x00000000028ee000 Exception <a 'java/security/PrivilegedActionException'> (0x00000000eb27b410) thrown at [C:\re\workspace\8-2-build-windows-amd64-cygwin\jdk8u111\7883\hotspot\src\share\vm\prims\jvm.cpp, line 1386]
Event: 0.513 Thread 0x00000000028ee000 Exception <a 'java/security/PrivilegedActionException'> (0x00000000eb27b620) thrown at [C:\re\workspace\8-2-build-windows-amd64-cygwin\jdk8u111\7883\hotspot\src\share\vm\prims\jvm.cpp, line 1386]
Event: 0.788 Thread 0x00000000028ee000 Exception <a 'java/lang/NoSuchFieldError': method resolution failed> (0x00000000eb34c6c0) thrown at [C:\re\workspace\8-2-build-windows-amd64-cygwin\jdk8u111\7883\hotspot\src\share\vm\prims\methodHandles.cpp, line 1146]
Event: 0.797 Thread 0x00000000028ee000 Exception <a 'java/lang/NoSuchFieldError': method resolution failed> (0x00000000eb359a90) thrown at [C:\re\workspace\8-2-build-windows-amd64-cygwin\jdk8u111\7883\hotspot\src\share\vm\prims\methodHandles.cpp, line 1146]
Event: 1.382 Thread 0x00000000028ee000 Exception <a 'java/lang/IncompatibleClassChangeError': Found class java.lang.Object, but interface was expected> (0x00000000ebbd6d08) thrown at [C:\re\workspace\8-2-build-windows-amd64-cygwin\jdk8u111\7883\hotspot\src\share\vm\interpreter\linkResolver.cpp
Event: 1.945 Thread 0x00000000028ee000 Exception <a 'java/lang/NoSuchMethodError': java.lang.Object.lambda$andThen$1(Ljava/util/function/Function;Ljava/lang/Object;)Ljava/lang/Object;> (0x00000000ebf0bb58) thrown at [C:\re\workspace\8-2-build-windows-amd64-cygwin\jdk8u111\7883\hotspot\src\shar
Event: 2.632 Thread 0x00000000028ee000 Exception <a 'java/lang/NoSuchMethodError': java.lang.Object.lambda$identity$2(Ljava/lang/Object;)Ljava/lang/Object;> (0x00000000eb8014b0) thrown at [C:\re\workspace\8-2-build-windows-amd64-cygwin\jdk8u111\7883\hotspot\src\share\vm\interpreter\linkResolve
Event: 2.633 Thread 0x00000000028ee000 Exception <a 'java/lang/IncompatibleClassChangeError': Found class java.lang.Object, but interface was expected> (0x00000000eb806400) thrown at [C:\re\workspace\8-2-build-windows-amd64-cygwin\jdk8u111\7883\hotspot\src\share\vm\interpreter\linkResolver.cpp
Event: 2.860 Thread 0x00000000028ee000 Exception <a 'java/lang/ClassNotFoundException': org/apache/tools/ant/helper/DefaultExecutor> (0x00000000ebeef2a0) thrown at [C:\re\workspace\8-2-build-windows-amd64-cygwin\jdk8u111\7883\hotspot\src\share\vm\classfile\systemDictionary.cpp, line 210]
Event: 3.086 Thread 0x00000000028ee000 Exception <a 'java/lang/NoSuchMethodError': java.lang.Object.lambda$isEqual$3(Ljava/lang/Object;Ljava/lang/Object;)Z> (0x00000000ebd08630) thrown at [C:\re\workspace\8-2-build-windows-amd64-cygwin\jdk8u111\7883\hotspot\src\share\vm\interpreter\linkResolve

Events (10 events):
Event: 3.385 loading class java/lang/ApplicationShutdownHooks
Event: 3.385 loading class java/lang/ApplicationShutdownHooks done
Event: 3.385 loading class java/lang/ApplicationShutdownHooks$1
Event: 3.385 loading class java/lang/ApplicationShutdownHooks$1 done
Event: 3.385 loading class java/lang/Shutdown
Event: 3.385 loading class java/lang/Shutdown done
Event: 3.385 loading class java/lang/Shutdown$Lock
Event: 3.385 loading class java/lang/Shutdown$Lock done
Event: 3.385 loading class java/util/IdentityHashMap
Event: 3.386 loading class java/util/IdentityHashMap done


Dynamic libraries:
0x00007ff7e3f60000 - 0x00007ff7e3f97000 	C:\Program Files\Java\jdk1.8.0_111\bin\java.exe
0x00007fff5efb0000 - 0x00007fff5f1a5000 	C:\WINDOWS\SYSTEM32\ntdll.dll
0x00007fff5d070000 - 0x00007fff5d12d000 	C:\WINDOWS\System32\KERNEL32.DLL
0x00007fff5cd40000 - 0x00007fff5d008000 	C:\WINDOWS\System32\KERNELBASE.dll
0x00007fff5ec50000 - 0x00007fff5ecfc000 	C:\WINDOWS\System32\ADVAPI32.dll
0x00007fff5dbc0000 - 0x00007fff5dc5e000 	C:\WINDOWS\System32\msvcrt.dll
0x00007fff5d1d0000 - 0x00007fff5d26b000 	C:\WINDOWS\System32\sechost.dll
0x00007fff5d620000 - 0x00007fff5d74b000 	C:\WINDOWS\System32\RPCRT4.dll
0x00007fff5ed00000 - 0x00007fff5eea0000 	C:\WINDOWS\System32\USER32.dll
0x00007fff5c870000 - 0x00007fff5c892000 	C:\WINDOWS\System32\win32u.dll
0x00007fff5e240000 - 0x00007fff5e26a000 	C:\WINDOWS\System32\GDI32.dll
0x00007fff5c8f0000 - 0x00007fff5c9fb000 	C:\WINDOWS\System32\gdi32full.dll
0x00007fff5cbf0000 - 0x00007fff5cc8d000 	C:\WINDOWS\System32\msvcp_win.dll
0x00007fff5c6f0000 - 0x00007fff5c7f0000 	C:\WINDOWS\System32\ucrtbase.dll
0x00007fff545c0000 - 0x00007fff5485a000 	C:\WINDOWS\WinSxS\amd64_microsoft.windows.common-controls_6595b64144ccf1df_6.0.19041.844_none_ca00b6081b84eb1d\COMCTL32.dll
0x00007fff5d5d0000 - 0x00007fff5d600000 	C:\WINDOWS\System32\IMM32.DLL
0x0000000052370000 - 0x0000000052442000 	C:\Program Files\Java\jdk1.8.0_111\jre\bin\msvcr100.dll
0x0000000051a40000 - 0x00000000522da000 	C:\Program Files\Java\jdk1.8.0_111\jre\bin\server\jvm.dll
0x00007fff5d270000 - 0x00007fff5d278000 	C:\WINDOWS\System32\PSAPI.DLL
0x00007fff52290000 - 0x00007fff5229a000 	C:\WINDOWS\SYSTEM32\VERSION.dll
0x00007fff4e8d0000 - 0x00007fff4e8f7000 	C:\WINDOWS\SYSTEM32\WINMM.dll
0x00007fff46870000 - 0x00007fff46879000 	C:\WINDOWS\SYSTEM32\WSOCK32.dll
0x00007fff5dfc0000 - 0x00007fff5e02b000 	C:\WINDOWS\System32\WS2_32.dll
0x0000000053440000 - 0x000000005344f000 	C:\Program Files\Java\jdk1.8.0_111\jre\bin\verify.dll
0x0000000051a10000 - 0x0000000051a39000 	C:\Program Files\Java\jdk1.8.0_111\jre\bin\java.dll
0x00000000519f0000 - 0x0000000051a06000 	C:\Program Files\Java\jdk1.8.0_111\jre\bin\zip.dll
0x00007fff5e4a0000 - 0x00007fff5ebe2000 	C:\WINDOWS\System32\SHELL32.dll
0x00007fff5a480000 - 0x00007fff5ac10000 	C:\WINDOWS\SYSTEM32\windows.storage.dll
0x00007fff5dc60000 - 0x00007fff5dfb5000 	C:\WINDOWS\System32\combase.dll
0x00007fff5c090000 - 0x00007fff5c0bc000 	C:\WINDOWS\SYSTEM32\Wldp.dll
0x00007fff5e270000 - 0x00007fff5e31e000 	C:\WINDOWS\System32\SHCORE.dll
0x00007fff5ebf0000 - 0x00007fff5ec45000 	C:\WINDOWS\System32\shlwapi.dll
0x00007fff5c630000 - 0x00007fff5c64f000 	C:\WINDOWS\SYSTEM32\profapi.dll
0x00000000519d0000 - 0x00000000519ea000 	C:\Program Files\Java\jdk1.8.0_111\jre\bin\net.dll
0x00007fff5be00000 - 0x00007fff5be6a000 	C:\WINDOWS\system32\mswsock.dll
0x00000000519b0000 - 0x00000000519c1000 	C:\Program Files\Java\jdk1.8.0_111\jre\bin\nio.dll

VM Arguments:
jvm_args: -Dant.home=C:\Program Files\NetBeans-12.3\netbeans\extide\ant\bin\.. 
java_command: org.apache.tools.ant.launch.Launcher -f C:\Users\gusta\Documents\NetBeansProjects\AgendaPSQL\build.xml -Dant.rerun 1 jfxsa-run-no-another-jvm
java_class_path (initial): C:\Program Files\NetBeans-12.3\netbeans\extide\ant\bin\..\lib\ant-launcher.jar
Launcher Type: SUN_STANDARD

Environment Variables:
JAVA_HOME=C:\Program Files\Java\jdk-16;C:\Program Files\Java\jdk-16\bin;
PATH=C:\Program Files\Common Files\Oracle\Java\javapath;C:\Program Files (x86)\Common Files\Oracle\Java\javapath;C:\ProgramData\Oracle\Java\javapath;C:\Program Files (x86)\Intel\Intel(R) Management Engine Components\iCLS\;C:\Program Files\Intel\Intel(R) Management Engine Components\iCLS\;C:\WINDOWS\system32;C:\WINDOWS;C:\WINDOWS\System32\Wbem;C:\WINDOWS\System32\WindowsPowerShell\v1.0\;C:\WINDOWS\System32\OpenSSH\;C:\Program Files (x86)\Intel\Intel(R) Management Engine Components\DAL;C:\Program Files\Intel\Intel(R) Management Engine Components\DAL;C:\Program Files\nodejs\;C:\ProgramData\chocolatey\bin;C:\Program Files\OpenJDK\openjdk-8u262-b10\bin;C:\Program Files\Git\cmd;C:\Users\gusta\AppData\Local\Programs\Python\Python38\Scripts\;C:\Users\gusta\AppData\Local\Programs\Python\Python38\;C:\Users\gusta\AppData\Local\Microsoft\WindowsApps;C:\Users\gusta\AppData\Local\Programs\Microsoft VS Code\bin;C:\Program Files\JetBrains\PyCharm Community Edition 2019.3.2\bin;;C:\Users\gusta\AppData\Roaming\npm;C:\Program Files\Java\jdk-16;C:\Program Files\Java\jdk-16\bin;;C:\Program Files\Java\jdk-16\bin\server;C:\Program Files\MySQL\MySQL Server 8.0\bin;C:\Program Files\MongoDB\Server\4.4\bin;
USERNAME=gusta
OS=Windows_NT
PROCESSOR_IDENTIFIER=Intel64 Family 6 Model 142 Stepping 10, GenuineIntel



---------------  S Y S T E M  ---------------

OS: Windows 10.0 , 64 bit Build 19041 (10.0.19041.928)

CPU:total 4 (2 cores per cpu, 2 threads per core) family 6 model 142 stepping 10, cmov, cx8, fxsr, mmx, sse, sse2, sse3, ssse3, sse4.1, sse4.2, popcnt, avx, avx2, aes, clmul, erms, 3dnowpref, lzcnt, ht, tsc, tscinvbit, bmi1, bmi2, adx

Memory: 4k page, physical 4107072k(354512k free), swap 16689984k(2884k free)

vm_info: Java HotSpot(TM) 64-Bit Server VM (25.111-b14) for windows-amd64 JRE (1.8.0_111-b14), built on Sep 22 2016 19:24:05 by "java_re" with MS VC++ 10.0 (VS2010)

time: Thu Jun 03 23:03:40 2021
elapsed time: 3 seconds (0d 0h 0m 3s)

